[Mon May 20 09:29:42.017794 2019] [mpm_winnt:notice] [pid 10688:tid 660] AH00455: Apache/2.4.25 (Win32) PHP/7.1.1 configured -- resuming normal operations
[Mon May 20 09:29:42.017794 2019] [mpm_winnt:notice] [pid 10688:tid 660] AH00456: Apache Lounge VC14 Server built: Dec 17 2016 10:42:52
[Mon May 20 09:29:42.017794 2019] [core:notice] [pid 10688:tid 660] AH00094: Command line: 'E:\\usb\\UniServerZ\\core\\apache2\\bin\\httpd_z.exe -d E:/usb/UniServerZ/core/apache2 -f E:\\usb\\UniServerZ\\core\\apache2\\conf\\httpd.conf -d E:\\usb\\UniServerZ\\core\\apache2'
[Mon May 20 09:29:42.017794 2019] [mpm_winnt:notice] [pid 10688:tid 660] AH00418: Parent: Created child process 11116
[Mon May 20 09:29:43.392693 2019] [mpm_winnt:notice] [pid 11116:tid 676] AH00354: Child: Starting 150 worker threads.
[Mon May 20 09:44:39.789548 2019] [php7:notice] [pid 11116:tid 1836] [client ::1:54431] PHP Notice:  Undefined variable: output in E:\\usb\\UniServerZ\\www\\connect.php on line 377, referer: http://localhost/index.php
[Mon May 20 09:45:42.732590 2019] [php7:notice] [pid 11116:tid 1828] [client ::1:54471] PHP Notice:  Undefined variable: output in E:\\usb\\UniServerZ\\www\\connect.php on line 377, referer: http://localhost/index.php
[Mon May 20 09:53:08.585379 2019] [php7:notice] [pid 11116:tid 1836] [client ::1:54590] PHP Notice:  Undefined variable: output in E:\\usb\\UniServerZ\\www\\connect.php on line 377, referer: http://localhost/index.php
[Mon May 20 09:53:08.585379 2019] [php7:notice] [pid 11116:tid 1836] [client ::1:54590] PHP Notice:  Undefined variable: output in E:\\usb\\UniServerZ\\www\\connect.php on line 377, referer: http://localhost/index.php
[Mon May 20 09:53:08.585379 2019] [php7:notice] [pid 11116:tid 1836] [client ::1:54590] PHP Notice:  Undefined variable: output in E:\\usb\\UniServerZ\\www\\connect.php on line 377, referer: http://localhost/index.php
[Mon May 20 09:53:08.585379 2019] [php7:notice] [pid 11116:tid 1836] [client ::1:54590] PHP Notice:  Undefined variable: output in E:\\usb\\UniServerZ\\www\\connect.php on line 377, referer: http://localhost/index.php
[Mon May 20 09:53:08.585379 2019] [php7:notice] [pid 11116:tid 1836] [client ::1:54590] PHP Notice:  Undefined variable: output in E:\\usb\\UniServerZ\\www\\connect.php on line 377, referer: http://localhost/index.php
[Mon May 20 09:53:08.585379 2019] [php7:notice] [pid 11116:tid 1836] [client ::1:54590] PHP Notice:  Undefined variable: output in E:\\usb\\UniServerZ\\www\\connect.php on line 377, referer: http://localhost/index.php
[Mon May 20 10:08:22.815671 2019] [php7:notice] [pid 11116:tid 1844] [client ::1:54684] PHP Notice:  Undefined variable: output in E:\\usb\\UniServerZ\\www\\connect.php on line 377, referer: http://localhost/index.php
[Mon May 20 10:08:22.815671 2019] [php7:notice] [pid 11116:tid 1844] [client ::1:54684] PHP Notice:  Undefined variable: output in E:\\usb\\UniServerZ\\www\\connect.php on line 377, referer: http://localhost/index.php
[Mon May 20 10:08:22.815671 2019] [php7:notice] [pid 11116:tid 1844] [client ::1:54684] PHP Notice:  Undefined variable: output in E:\\usb\\UniServerZ\\www\\connect.php on line 377, referer: http://localhost/index.php
[Mon May 20 10:08:22.815671 2019] [php7:notice] [pid 11116:tid 1844] [client ::1:54684] PHP Notice:  Undefined variable: output in E:\\usb\\UniServerZ\\www\\connect.php on line 377, referer: http://localhost/index.php
[Mon May 20 10:08:22.815671 2019] [php7:notice] [pid 11116:tid 1844] [client ::1:54684] PHP Notice:  Undefined variable: output in E:\\usb\\UniServerZ\\www\\connect.php on line 377, referer: http://localhost/index.php
[Mon May 20 10:08:22.815671 2019] [php7:notice] [pid 11116:tid 1844] [client ::1:54684] PHP Notice:  Undefined variable: output in E:\\usb\\UniServerZ\\www\\connect.php on line 377, referer: http://localhost/index.php
[Mon May 20 10:19:08.435407 2019] [php7:notice] [pid 11116:tid 1844] [client ::1:54718] PHP Notice:  Undefined variable: output in E:\\usb\\UniServerZ\\www\\connect.php on line 377, referer: http://localhost/index.php
[Mon May 20 10:19:08.435407 2019] [php7:notice] [pid 11116:tid 1844] [client ::1:54718] PHP Notice:  Undefined variable: output in E:\\usb\\UniServerZ\\www\\connect.php on line 377, referer: http://localhost/index.php
[Mon May 20 10:19:08.435407 2019] [php7:notice] [pid 11116:tid 1844] [client ::1:54718] PHP Notice:  Undefined variable: output in E:\\usb\\UniServerZ\\www\\connect.php on line 377, referer: http://localhost/index.php
[Mon May 20 10:19:08.435407 2019] [php7:notice] [pid 11116:tid 1844] [client ::1:54718] PHP Notice:  Undefined variable: output in E:\\usb\\UniServerZ\\www\\connect.php on line 377, referer: http://localhost/index.php
[Mon May 20 10:19:08.435407 2019] [php7:notice] [pid 11116:tid 1844] [client ::1:54718] PHP Notice:  Undefined variable: output in E:\\usb\\UniServerZ\\www\\connect.php on line 377, referer: http://localhost/index.php
[Mon May 20 10:19:08.435407 2019] [php7:notice] [pid 11116:tid 1844] [client ::1:54718] PHP Notice:  Undefined variable: output in E:\\usb\\UniServerZ\\www\\connect.php on line 377, referer: http://localhost/index.php
[Mon May 20 10:19:13.936874 2019] [php7:notice] [pid 11116:tid 1844] [client ::1:54718] PHP Notice:  Undefined variable: output in E:\\usb\\UniServerZ\\www\\connect.php on line 377, referer: http://localhost/index.php
[Mon May 20 10:19:13.936874 2019] [php7:notice] [pid 11116:tid 1844] [client ::1:54718] PHP Notice:  Undefined variable: output in E:\\usb\\UniServerZ\\www\\connect.php on line 377, referer: http://localhost/index.php
[Mon May 20 10:19:13.936874 2019] [php7:notice] [pid 11116:tid 1844] [client ::1:54718] PHP Notice:  Undefined variable: output in E:\\usb\\UniServerZ\\www\\connect.php on line 377, referer: http://localhost/index.php
[Mon May 20 10:19:13.936874 2019] [php7:notice] [pid 11116:tid 1844] [client ::1:54718] PHP Notice:  Undefined variable: output in E:\\usb\\UniServerZ\\www\\connect.php on line 377, referer: http://localhost/index.php
[Mon May 20 10:19:13.936874 2019] [php7:notice] [pid 11116:tid 1844] [client ::1:54718] PHP Notice:  Undefined variable: output in E:\\usb\\UniServerZ\\www\\connect.php on line 377, referer: http://localhost/index.php
[Mon May 20 10:19:13.936874 2019] [php7:notice] [pid 11116:tid 1844] [client ::1:54718] PHP Notice:  Undefined variable: output in E:\\usb\\UniServerZ\\www\\connect.php on line 377, referer: http://localhost/index.php
[Mon May 20 10:19:24.233606 2019] [php7:crit] [pid 11116:tid 1828] [client ::1:54737] PHP Parse error:  syntax error, unexpected '"AND price<"' (T_CONSTANT_ENCAPSED_STRING) in E:\\usb\\UniServerZ\\www\\search.php on line 263, referer: http://localhost/connect.php
[Mon May 20 10:19:27.234191 2019] [php7:crit] [pid 11116:tid 1828] [client ::1:54738] PHP Parse error:  syntax error, unexpected '"AND price<"' (T_CONSTANT_ENCAPSED_STRING) in E:\\usb\\UniServerZ\\www\\search.php on line 263
[Mon May 20 10:19:31.463962 2019] [php7:crit] [pid 11116:tid 1828] [client ::1:54739] PHP Parse error:  syntax error, unexpected '"AND price<"' (T_CONSTANT_ENCAPSED_STRING) in E:\\usb\\UniServerZ\\www\\search.php on line 263
[Mon May 20 10:19:41.242139 2019] [php7:crit] [pid 11116:tid 1828] [client ::1:54740] PHP Parse error:  syntax error, unexpected '"AND price<"' (T_CONSTANT_ENCAPSED_STRING) in E:\\usb\\UniServerZ\\www\\search.php on line 263
[Mon May 20 10:19:51.339422 2019] [php7:notice] [pid 11116:tid 1828] [client ::1:54741] PHP Notice:  Undefined variable: output in E:\\usb\\UniServerZ\\www\\connect.php on line 377, referer: http://localhost/index.php
[Mon May 20 10:19:51.339422 2019] [php7:notice] [pid 11116:tid 1828] [client ::1:54741] PHP Notice:  Undefined variable: output in E:\\usb\\UniServerZ\\www\\connect.php on line 377, referer: http://localhost/index.php
[Mon May 20 10:19:51.339422 2019] [php7:notice] [pid 11116:tid 1828] [client ::1:54741] PHP Notice:  Undefined variable: output in E:\\usb\\UniServerZ\\www\\connect.php on line 377, referer: http://localhost/index.php
[Mon May 20 10:19:51.339422 2019] [php7:notice] [pid 11116:tid 1828] [client ::1:54741] PHP Notice:  Undefined variable: output in E:\\usb\\UniServerZ\\www\\connect.php on line 377, referer: http://localhost/index.php
[Mon May 20 10:19:51.339422 2019] [php7:notice] [pid 11116:tid 1828] [client ::1:54741] PHP Notice:  Undefined variable: output in E:\\usb\\UniServerZ\\www\\connect.php on line 377, referer: http://localhost/index.php
[Mon May 20 10:19:51.339422 2019] [php7:notice] [pid 11116:tid 1828] [client ::1:54741] PHP Notice:  Undefined variable: output in E:\\usb\\UniServerZ\\www\\connect.php on line 377, referer: http://localhost/index.php
[Mon May 20 10:19:56.998090 2019] [php7:crit] [pid 11116:tid 1876] [client ::1:54746] PHP Parse error:  syntax error, unexpected '"AND price<"' (T_CONSTANT_ENCAPSED_STRING) in E:\\usb\\UniServerZ\\www\\search.php on line 263, referer: http://localhost/connect.php
[Mon May 20 10:20:59.034923 2019] [php7:warn] [pid 11116:tid 1876] [client ::1:54747] PHP Warning:  mysqli_num_rows() expects parameter 1 to be mysqli_result, boolean given in E:\\usb\\UniServerZ\\www\\search.php on line 293, referer: http://localhost/connect.php
[Mon May 20 10:21:10.318713 2019] [php7:notice] [pid 11116:tid 1828] [client ::1:54755] PHP Notice:  Undefined variable: output in E:\\usb\\UniServerZ\\www\\connect.php on line 377, referer: http://localhost/search.php
[Mon May 20 10:21:10.318713 2019] [php7:notice] [pid 11116:tid 1828] [client ::1:54755] PHP Notice:  Undefined variable: output in E:\\usb\\UniServerZ\\www\\connect.php on line 377, referer: http://localhost/search.php
[Mon May 20 10:21:10.318713 2019] [php7:notice] [pid 11116:tid 1828] [client ::1:54755] PHP Notice:  Undefined variable: output in E:\\usb\\UniServerZ\\www\\connect.php on line 377, referer: http://localhost/search.php
[Mon May 20 10:21:10.318713 2019] [php7:notice] [pid 11116:tid 1828] [client ::1:54755] PHP Notice:  Undefined variable: output in E:\\usb\\UniServerZ\\www\\connect.php on line 377, referer: http://localhost/search.php
[Mon May 20 10:21:10.318713 2019] [php7:notice] [pid 11116:tid 1828] [client ::1:54755] PHP Notice:  Undefined variable: output in E:\\usb\\UniServerZ\\www\\connect.php on line 377, referer: http://localhost/search.php
[Mon May 20 10:21:10.318713 2019] [php7:notice] [pid 11116:tid 1828] [client ::1:54755] PHP Notice:  Undefined variable: output in E:\\usb\\UniServerZ\\www\\connect.php on line 377, referer: http://localhost/search.php
[Mon May 20 10:21:28.731849 2019] [php7:warn] [pid 11116:tid 1828] [client ::1:54759] PHP Warning:  mysqli_num_rows() expects parameter 1 to be mysqli_result, boolean given in E:\\usb\\UniServerZ\\www\\search.php on line 293, referer: http://localhost/connect.php
[Mon May 20 10:21:37.014717 2019] [php7:notice] [pid 11116:tid 1828] [client ::1:54762] PHP Notice:  Undefined variable: output in E:\\usb\\UniServerZ\\www\\connect.php on line 377, referer: http://localhost/search.php
[Mon May 20 10:21:37.014717 2019] [php7:notice] [pid 11116:tid 1828] [client ::1:54762] PHP Notice:  Undefined variable: output in E:\\usb\\UniServerZ\\www\\connect.php on line 377, referer: http://localhost/search.php
[Mon May 20 10:21:37.014717 2019] [php7:notice] [pid 11116:tid 1828] [client ::1:54762] PHP Notice:  Undefined variable: output in E:\\usb\\UniServerZ\\www\\connect.php on line 377, referer: http://localhost/search.php
[Mon May 20 10:21:37.014717 2019] [php7:notice] [pid 11116:tid 1828] [client ::1:54762] PHP Notice:  Undefined variable: output in E:\\usb\\UniServerZ\\www\\connect.php on line 377, referer: http://localhost/search.php
[Mon May 20 10:21:37.014717 2019] [php7:notice] [pid 11116:tid 1828] [client ::1:54762] PHP Notice:  Undefined variable: output in E:\\usb\\UniServerZ\\www\\connect.php on line 377, referer: http://localhost/search.php
[Mon May 20 10:21:37.014717 2019] [php7:notice] [pid 11116:tid 1828] [client ::1:54762] PHP Notice:  Undefined variable: output in E:\\usb\\UniServerZ\\www\\connect.php on line 377, referer: http://localhost/search.php
[Mon May 20 10:22:25.736738 2019] [php7:notice] [pid 11116:tid 1828] [client ::1:54766] PHP Notice:  Undefined variable: output in E:\\usb\\UniServerZ\\www\\connect.php on line 377, referer: http://localhost/search.php
[Mon May 20 10:22:25.736738 2019] [php7:notice] [pid 11116:tid 1828] [client ::1:54766] PHP Notice:  Undefined variable: output in E:\\usb\\UniServerZ\\www\\connect.php on line 377, referer: http://localhost/search.php
[Mon May 20 10:22:25.736738 2019] [php7:notice] [pid 11116:tid 1828] [client ::1:54766] PHP Notice:  Undefined variable: output in E:\\usb\\UniServerZ\\www\\connect.php on line 377, referer: http://localhost/search.php
[Mon May 20 10:22:25.736738 2019] [php7:notice] [pid 11116:tid 1828] [client ::1:54766] PHP Notice:  Undefined variable: output in E:\\usb\\UniServerZ\\www\\connect.php on line 377, referer: http://localhost/search.php
[Mon May 20 10:22:25.736738 2019] [php7:notice] [pid 11116:tid 1828] [client ::1:54766] PHP Notice:  Undefined variable: output in E:\\usb\\UniServerZ\\www\\connect.php on line 377, referer: http://localhost/search.php
[Mon May 20 10:22:25.736738 2019] [php7:notice] [pid 11116:tid 1828] [client ::1:54766] PHP Notice:  Undefined variable: output in E:\\usb\\UniServerZ\\www\\connect.php on line 377, referer: http://localhost/search.php
[Mon May 20 10:22:32.030244 2019] [php7:warn] [pid 11116:tid 1868] [client ::1:54769] PHP Warning:  mysqli_num_rows() expects parameter 1 to be mysqli_result, boolean given in E:\\usb\\UniServerZ\\www\\search.php on line 293, referer: http://localhost/connect.php
[Mon May 20 10:22:42.377713 2019] [php7:notice] [pid 11116:tid 1868] [client ::1:54776] PHP Notice:  Undefined variable: output in E:\\usb\\UniServerZ\\www\\connect.php on line 377, referer: http://localhost/search.php
[Mon May 20 10:22:42.377713 2019] [php7:notice] [pid 11116:tid 1868] [client ::1:54776] PHP Notice:  Undefined variable: output in E:\\usb\\UniServerZ\\www\\connect.php on line 377, referer: http://localhost/search.php
[Mon May 20 10:22:42.377713 2019] [php7:notice] [pid 11116:tid 1868] [client ::1:54776] PHP Notice:  Undefined variable: output in E:\\usb\\UniServerZ\\www\\connect.php on line 377, referer: http://localhost/search.php
[Mon May 20 10:22:42.377713 2019] [php7:notice] [pid 11116:tid 1868] [client ::1:54776] PHP Notice:  Undefined variable: output in E:\\usb\\UniServerZ\\www\\connect.php on line 377, referer: http://localhost/search.php
[Mon May 20 10:22:42.377713 2019] [php7:notice] [pid 11116:tid 1868] [client ::1:54776] PHP Notice:  Undefined variable: output in E:\\usb\\UniServerZ\\www\\connect.php on line 377, referer: http://localhost/search.php
[Mon May 20 10:22:42.377713 2019] [php7:notice] [pid 11116:tid 1868] [client ::1:54776] PHP Notice:  Undefined variable: output in E:\\usb\\UniServerZ\\www\\connect.php on line 377, referer: http://localhost/search.php
[Mon May 20 10:22:49.426297 2019] [php7:warn] [pid 11116:tid 1868] [client ::1:54780] PHP Warning:  mysqli_num_rows() expects parameter 1 to be mysqli_result, boolean given in E:\\usb\\UniServerZ\\www\\search.php on line 293, referer: http://localhost/connect.php
[Mon May 20 10:23:08.252815 2019] [php7:notice] [pid 11116:tid 1876] [client ::1:54784] PHP Notice:  Undefined variable: output in E:\\usb\\UniServerZ\\www\\connect.php on line 377, referer: http://localhost/search.php
[Mon May 20 10:23:08.252815 2019] [php7:notice] [pid 11116:tid 1876] [client ::1:54784] PHP Notice:  Undefined variable: output in E:\\usb\\UniServerZ\\www\\connect.php on line 377, referer: http://localhost/search.php
[Mon May 20 10:23:08.252815 2019] [php7:notice] [pid 11116:tid 1876] [client ::1:54784] PHP Notice:  Undefined variable: output in E:\\usb\\UniServerZ\\www\\connect.php on line 377, referer: http://localhost/search.php
[Mon May 20 10:23:08.252815 2019] [php7:notice] [pid 11116:tid 1876] [client ::1:54784] PHP Notice:  Undefined variable: output in E:\\usb\\UniServerZ\\www\\connect.php on line 377, referer: http://localhost/search.php
[Mon May 20 10:23:08.252815 2019] [php7:notice] [pid 11116:tid 1876] [client ::1:54784] PHP Notice:  Undefined variable: output in E:\\usb\\UniServerZ\\www\\connect.php on line 377, referer: http://localhost/search.php
[Mon May 20 10:23:08.252815 2019] [php7:notice] [pid 11116:tid 1876] [client ::1:54784] PHP Notice:  Undefined variable: output in E:\\usb\\UniServerZ\\www\\connect.php on line 377, referer: http://localhost/search.php
[Mon May 20 10:24:09.618734 2019] [php7:warn] [pid 11116:tid 1868] [client ::1:54789] PHP Warning:  mysqli_num_rows() expects parameter 1 to be mysqli_result, boolean given in E:\\usb\\UniServerZ\\www\\search.php on line 293, referer: http://localhost/connect.php
[Mon May 20 10:24:29.784563 2019] [php7:notice] [pid 11116:tid 1868] [client ::1:54793] PHP Notice:  Undefined variable: output in E:\\usb\\UniServerZ\\www\\connect.php on line 377, referer: http://localhost/search.php
[Mon May 20 10:24:29.784563 2019] [php7:notice] [pid 11116:tid 1868] [client ::1:54793] PHP Notice:  Undefined variable: output in E:\\usb\\UniServerZ\\www\\connect.php on line 377, referer: http://localhost/search.php
[Mon May 20 10:24:29.784563 2019] [php7:notice] [pid 11116:tid 1868] [client ::1:54793] PHP Notice:  Undefined variable: output in E:\\usb\\UniServerZ\\www\\connect.php on line 377, referer: http://localhost/search.php
[Mon May 20 10:24:29.784563 2019] [php7:notice] [pid 11116:tid 1868] [client ::1:54793] PHP Notice:  Undefined variable: output in E:\\usb\\UniServerZ\\www\\connect.php on line 377, referer: http://localhost/search.php
[Mon May 20 10:24:29.784563 2019] [php7:notice] [pid 11116:tid 1868] [client ::1:54793] PHP Notice:  Undefined variable: output in E:\\usb\\UniServerZ\\www\\connect.php on line 377, referer: http://localhost/search.php
[Mon May 20 10:24:29.784563 2019] [php7:notice] [pid 11116:tid 1868] [client ::1:54793] PHP Notice:  Undefined variable: output in E:\\usb\\UniServerZ\\www\\connect.php on line 377, referer: http://localhost/search.php
[Mon May 20 10:24:49.486892 2019] [php7:notice] [pid 11116:tid 1876] [client ::1:54805] PHP Notice:  Undefined variable: output in E:\\usb\\UniServerZ\\www\\connect.php on line 377, referer: http://localhost/search.php
[Mon May 20 10:24:49.486892 2019] [php7:notice] [pid 11116:tid 1876] [client ::1:54805] PHP Notice:  Undefined variable: output in E:\\usb\\UniServerZ\\www\\connect.php on line 377, referer: http://localhost/search.php
[Mon May 20 10:24:49.486892 2019] [php7:notice] [pid 11116:tid 1876] [client ::1:54805] PHP Notice:  Undefined variable: output in E:\\usb\\UniServerZ\\www\\connect.php on line 377, referer: http://localhost/search.php
[Mon May 20 10:24:49.486892 2019] [php7:notice] [pid 11116:tid 1876] [client ::1:54805] PHP Notice:  Undefined variable: output in E:\\usb\\UniServerZ\\www\\connect.php on line 377, referer: http://localhost/search.php
[Mon May 20 10:24:49.486892 2019] [php7:notice] [pid 11116:tid 1876] [client ::1:54805] PHP Notice:  Undefined variable: output in E:\\usb\\UniServerZ\\www\\connect.php on line 377, referer: http://localhost/search.php
[Mon May 20 10:24:49.486892 2019] [php7:notice] [pid 11116:tid 1876] [client ::1:54805] PHP Notice:  Undefined variable: output in E:\\usb\\UniServerZ\\www\\connect.php on line 377, referer: http://localhost/search.php
[Mon May 20 10:25:07.595814 2019] [php7:crit] [pid 11116:tid 1836] [client ::1:54829] PHP Parse error:  syntax error, unexpected '"AND price>"' (T_CONSTANT_ENCAPSED_STRING) in E:\\usb\\UniServerZ\\www\\search.php on line 263, referer: http://localhost/connect.php
[Mon May 20 10:26:16.238239 2019] [php7:notice] [pid 11116:tid 1868] [client ::1:54836] PHP Notice:  Undefined variable: output in E:\\usb\\UniServerZ\\www\\connect.php on line 377, referer: http://localhost/search.php
[Mon May 20 10:26:16.238239 2019] [php7:notice] [pid 11116:tid 1868] [client ::1:54836] PHP Notice:  Undefined variable: output in E:\\usb\\UniServerZ\\www\\connect.php on line 377, referer: http://localhost/search.php
[Mon May 20 10:26:16.238239 2019] [php7:notice] [pid 11116:tid 1868] [client ::1:54836] PHP Notice:  Undefined variable: output in E:\\usb\\UniServerZ\\www\\connect.php on line 377, referer: http://localhost/search.php
[Mon May 20 10:26:16.238239 2019] [php7:notice] [pid 11116:tid 1868] [client ::1:54836] PHP Notice:  Undefined variable: output in E:\\usb\\UniServerZ\\www\\connect.php on line 377, referer: http://localhost/search.php
[Mon May 20 10:26:16.238239 2019] [php7:notice] [pid 11116:tid 1868] [client ::1:54836] PHP Notice:  Undefined variable: output in E:\\usb\\UniServerZ\\www\\connect.php on line 377, referer: http://localhost/search.php
[Mon May 20 10:26:16.238239 2019] [php7:notice] [pid 11116:tid 1868] [client ::1:54836] PHP Notice:  Undefined variable: output in E:\\usb\\UniServerZ\\www\\connect.php on line 377, referer: http://localhost/search.php
[Mon May 20 10:26:32.341559 2019] [php7:notice] [pid 11116:tid 1836] [client ::1:54849] PHP Notice:  Undefined variable: output in E:\\usb\\UniServerZ\\www\\connect.php on line 377, referer: http://localhost/search.php
[Mon May 20 10:26:32.341559 2019] [php7:notice] [pid 11116:tid 1836] [client ::1:54849] PHP Notice:  Undefined variable: output in E:\\usb\\UniServerZ\\www\\connect.php on line 377, referer: http://localhost/search.php
[Mon May 20 10:26:32.341559 2019] [php7:notice] [pid 11116:tid 1836] [client ::1:54849] PHP Notice:  Undefined variable: output in E:\\usb\\UniServerZ\\www\\connect.php on line 377, referer: http://localhost/search.php
[Mon May 20 10:26:32.341559 2019] [php7:notice] [pid 11116:tid 1836] [client ::1:54849] PHP Notice:  Undefined variable: output in E:\\usb\\UniServerZ\\www\\connect.php on line 377, referer: http://localhost/search.php
[Mon May 20 10:26:32.341559 2019] [php7:notice] [pid 11116:tid 1836] [client ::1:54849] PHP Notice:  Undefined variable: output in E:\\usb\\UniServerZ\\www\\connect.php on line 377, referer: http://localhost/search.php
[Mon May 20 10:26:32.341559 2019] [php7:notice] [pid 11116:tid 1836] [client ::1:54849] PHP Notice:  Undefined variable: output in E:\\usb\\UniServerZ\\www\\connect.php on line 377, referer: http://localhost/search.php
[Mon May 20 10:26:45.659598 2019] [php7:notice] [pid 11116:tid 1836] [client ::1:54853] PHP Notice:  Undefined variable: output in E:\\usb\\UniServerZ\\www\\connect.php on line 377, referer: http://localhost/search.php
[Mon May 20 10:26:45.659598 2019] [php7:notice] [pid 11116:tid 1836] [client ::1:54853] PHP Notice:  Undefined variable: output in E:\\usb\\UniServerZ\\www\\connect.php on line 377, referer: http://localhost/search.php
[Mon May 20 10:26:45.659598 2019] [php7:notice] [pid 11116:tid 1836] [client ::1:54853] PHP Notice:  Undefined variable: output in E:\\usb\\UniServerZ\\www\\connect.php on line 377, referer: http://localhost/search.php
[Mon May 20 10:26:45.659598 2019] [php7:notice] [pid 11116:tid 1836] [client ::1:54853] PHP Notice:  Undefined variable: output in E:\\usb\\UniServerZ\\www\\connect.php on line 377, referer: http://localhost/search.php
[Mon May 20 10:26:45.659598 2019] [php7:notice] [pid 11116:tid 1836] [client ::1:54853] PHP Notice:  Undefined variable: output in E:\\usb\\UniServerZ\\www\\connect.php on line 377, referer: http://localhost/search.php
[Mon May 20 10:26:45.659598 2019] [php7:notice] [pid 11116:tid 1836] [client ::1:54853] PHP Notice:  Undefined variable: output in E:\\usb\\UniServerZ\\www\\connect.php on line 377, referer: http://localhost/search.php
[Mon May 20 10:28:07.165731 2019] [php7:notice] [pid 11116:tid 1828] [client ::1:54879] PHP Notice:  Undefined variable: output in E:\\usb\\UniServerZ\\www\\connect.php on line 377, referer: http://localhost/search.php
[Mon May 20 10:28:07.165731 2019] [php7:notice] [pid 11116:tid 1828] [client ::1:54879] PHP Notice:  Undefined variable: output in E:\\usb\\UniServerZ\\www\\connect.php on line 377, referer: http://localhost/search.php
[Mon May 20 10:28:07.165731 2019] [php7:notice] [pid 11116:tid 1828] [client ::1:54879] PHP Notice:  Undefined variable: output in E:\\usb\\UniServerZ\\www\\connect.php on line 377, referer: http://localhost/search.php
[Mon May 20 10:28:07.165731 2019] [php7:notice] [pid 11116:tid 1828] [client ::1:54879] PHP Notice:  Undefined variable: output in E:\\usb\\UniServerZ\\www\\connect.php on line 377, referer: http://localhost/search.php
[Mon May 20 10:28:07.165731 2019] [php7:notice] [pid 11116:tid 1828] [client ::1:54879] PHP Notice:  Undefined variable: output in E:\\usb\\UniServerZ\\www\\connect.php on line 377, referer: http://localhost/search.php
[Mon May 20 10:28:07.165731 2019] [php7:notice] [pid 11116:tid 1828] [client ::1:54879] PHP Notice:  Undefined variable: output in E:\\usb\\UniServerZ\\www\\connect.php on line 377, referer: http://localhost/search.php
[Mon May 20 10:28:33.044378 2019] [php7:warn] [pid 11116:tid 1868] [client ::1:54884] PHP Warning:  mysqli_num_rows() expects parameter 1 to be mysqli_result, boolean given in E:\\usb\\UniServerZ\\www\\search.php on line 293, referer: http://localhost/connect.php
[Mon May 20 10:29:59.233289 2019] [php7:warn] [pid 11116:tid 1828] [client ::1:54890] PHP Warning:  mysqli_num_rows() expects parameter 1 to be mysqli_result, boolean given in E:\\usb\\UniServerZ\\www\\search.php on line 293, referer: http://localhost/connect.php
[Mon May 20 10:30:35.359533 2019] [php7:notice] [pid 11116:tid 1828] [client ::1:54896] PHP Notice:  Undefined variable: output in E:\\usb\\UniServerZ\\www\\connect.php on line 377, referer: http://localhost/search.php
[Mon May 20 10:30:35.359533 2019] [php7:notice] [pid 11116:tid 1828] [client ::1:54896] PHP Notice:  Undefined variable: output in E:\\usb\\UniServerZ\\www\\connect.php on line 377, referer: http://localhost/search.php
[Mon May 20 10:30:35.359533 2019] [php7:notice] [pid 11116:tid 1828] [client ::1:54896] PHP Notice:  Undefined variable: output in E:\\usb\\UniServerZ\\www\\connect.php on line 377, referer: http://localhost/search.php
[Mon May 20 10:30:35.359533 2019] [php7:notice] [pid 11116:tid 1828] [client ::1:54896] PHP Notice:  Undefined variable: output in E:\\usb\\UniServerZ\\www\\connect.php on line 377, referer: http://localhost/search.php
[Mon May 20 10:30:35.359533 2019] [php7:notice] [pid 11116:tid 1828] [client ::1:54896] PHP Notice:  Undefined variable: output in E:\\usb\\UniServerZ\\www\\connect.php on line 377, referer: http://localhost/search.php
[Mon May 20 10:30:35.359533 2019] [php7:notice] [pid 11116:tid 1828] [client ::1:54896] PHP Notice:  Undefined variable: output in E:\\usb\\UniServerZ\\www\\connect.php on line 377, referer: http://localhost/search.php
[Mon May 20 10:30:39.970188 2019] [php7:warn] [pid 11116:tid 1828] [client ::1:54896] PHP Warning:  mysqli_num_rows() expects parameter 1 to be mysqli_result, boolean given in E:\\usb\\UniServerZ\\www\\search.php on line 293, referer: http://localhost/connect.php
[Mon May 20 10:31:50.662651 2019] [php7:notice] [pid 11116:tid 1844] [client ::1:54912] PHP Notice:  Undefined variable: output in E:\\usb\\UniServerZ\\www\\connect.php on line 377, referer: http://localhost/search.php
[Mon May 20 10:31:50.662651 2019] [php7:notice] [pid 11116:tid 1844] [client ::1:54912] PHP Notice:  Undefined variable: output in E:\\usb\\UniServerZ\\www\\connect.php on line 377, referer: http://localhost/search.php
[Mon May 20 10:31:50.662651 2019] [php7:notice] [pid 11116:tid 1844] [client ::1:54912] PHP Notice:  Undefined variable: output in E:\\usb\\UniServerZ\\www\\connect.php on line 377, referer: http://localhost/search.php
[Mon May 20 10:31:50.662651 2019] [php7:notice] [pid 11116:tid 1844] [client ::1:54912] PHP Notice:  Undefined variable: output in E:\\usb\\UniServerZ\\www\\connect.php on line 377, referer: http://localhost/search.php
[Mon May 20 10:31:50.662651 2019] [php7:notice] [pid 11116:tid 1844] [client ::1:54912] PHP Notice:  Undefined variable: output in E:\\usb\\UniServerZ\\www\\connect.php on line 377, referer: http://localhost/search.php
[Mon May 20 10:31:50.662651 2019] [php7:notice] [pid 11116:tid 1844] [client ::1:54912] PHP Notice:  Undefined variable: output in E:\\usb\\UniServerZ\\www\\connect.php on line 377, referer: http://localhost/search.php
[Mon May 20 10:31:53.178091 2019] [php7:warn] [pid 11116:tid 1828] [client ::1:54911] PHP Warning:  mysqli_num_rows() expects parameter 1 to be mysqli_result, boolean given in E:\\usb\\UniServerZ\\www\\search.php on line 293, referer: http://localhost/connect.php
[Mon May 20 10:31:58.958914 2019] [php7:notice] [pid 11116:tid 1828] [client ::1:54911] PHP Notice:  Undefined variable: output in E:\\usb\\UniServerZ\\www\\connect.php on line 377, referer: http://localhost/search.php
[Mon May 20 10:31:58.958914 2019] [php7:notice] [pid 11116:tid 1828] [client ::1:54911] PHP Notice:  Undefined variable: output in E:\\usb\\UniServerZ\\www\\connect.php on line 377, referer: http://localhost/search.php
[Mon May 20 10:31:58.958914 2019] [php7:notice] [pid 11116:tid 1828] [client ::1:54911] PHP Notice:  Undefined variable: output in E:\\usb\\UniServerZ\\www\\connect.php on line 377, referer: http://localhost/search.php
[Mon May 20 10:31:58.958914 2019] [php7:notice] [pid 11116:tid 1828] [client ::1:54911] PHP Notice:  Undefined variable: output in E:\\usb\\UniServerZ\\www\\connect.php on line 377, referer: http://localhost/search.php
[Mon May 20 10:31:58.958914 2019] [php7:notice] [pid 11116:tid 1828] [client ::1:54911] PHP Notice:  Undefined variable: output in E:\\usb\\UniServerZ\\www\\connect.php on line 377, referer: http://localhost/search.php
[Mon May 20 10:31:58.958914 2019] [php7:notice] [pid 11116:tid 1828] [client ::1:54911] PHP Notice:  Undefined variable: output in E:\\usb\\UniServerZ\\www\\connect.php on line 377, referer: http://localhost/search.php
[Mon May 20 10:32:07.427391 2019] [php7:warn] [pid 11116:tid 1828] [client ::1:54926] PHP Warning:  mysqli_num_rows() expects parameter 1 to be mysqli_result, boolean given in E:\\usb\\UniServerZ\\www\\search.php on line 293, referer: http://localhost/connect.php
[Mon May 20 10:32:09.833464 2019] [php7:notice] [pid 11116:tid 1828] [client ::1:54929] PHP Notice:  Undefined variable: output in E:\\usb\\UniServerZ\\www\\connect.php on line 377, referer: http://localhost/search.php
[Mon May 20 10:32:09.833464 2019] [php7:notice] [pid 11116:tid 1828] [client ::1:54929] PHP Notice:  Undefined variable: output in E:\\usb\\UniServerZ\\www\\connect.php on line 377, referer: http://localhost/search.php
[Mon May 20 10:32:09.833464 2019] [php7:notice] [pid 11116:tid 1828] [client ::1:54929] PHP Notice:  Undefined variable: output in E:\\usb\\UniServerZ\\www\\connect.php on line 377, referer: http://localhost/search.php
[Mon May 20 10:32:09.833464 2019] [php7:notice] [pid 11116:tid 1828] [client ::1:54929] PHP Notice:  Undefined variable: output in E:\\usb\\UniServerZ\\www\\connect.php on line 377, referer: http://localhost/search.php
[Mon May 20 10:32:09.833464 2019] [php7:notice] [pid 11116:tid 1828] [client ::1:54929] PHP Notice:  Undefined variable: output in E:\\usb\\UniServerZ\\www\\connect.php on line 377, referer: http://localhost/search.php
[Mon May 20 10:32:09.833464 2019] [php7:notice] [pid 11116:tid 1828] [client ::1:54929] PHP Notice:  Undefined variable: output in E:\\usb\\UniServerZ\\www\\connect.php on line 377, referer: http://localhost/search.php
[Mon May 20 10:32:24.941726 2019] [php7:notice] [pid 11116:tid 1892] [client ::1:54938] PHP Notice:  Undefined variable: output in E:\\usb\\UniServerZ\\www\\connect.php on line 377, referer: http://localhost/search.php
[Mon May 20 10:32:24.941726 2019] [php7:notice] [pid 11116:tid 1892] [client ::1:54938] PHP Notice:  Undefined variable: output in E:\\usb\\UniServerZ\\www\\connect.php on line 377, referer: http://localhost/search.php
[Mon May 20 10:32:24.941726 2019] [php7:notice] [pid 11116:tid 1892] [client ::1:54938] PHP Notice:  Undefined variable: output in E:\\usb\\UniServerZ\\www\\connect.php on line 377, referer: http://localhost/search.php
[Mon May 20 10:32:24.941726 2019] [php7:notice] [pid 11116:tid 1892] [client ::1:54938] PHP Notice:  Undefined variable: output in E:\\usb\\UniServerZ\\www\\connect.php on line 377, referer: http://localhost/search.php
[Mon May 20 10:32:24.941726 2019] [php7:notice] [pid 11116:tid 1892] [client ::1:54938] PHP Notice:  Undefined variable: output in E:\\usb\\UniServerZ\\www\\connect.php on line 377, referer: http://localhost/search.php
[Mon May 20 10:32:24.941726 2019] [php7:notice] [pid 11116:tid 1892] [client ::1:54938] PHP Notice:  Undefined variable: output in E:\\usb\\UniServerZ\\www\\connect.php on line 377, referer: http://localhost/search.php
[Mon May 20 10:33:54.297281 2019] [php7:warn] [pid 11116:tid 1844] [client ::1:54948] PHP Warning:  mysqli_num_rows() expects parameter 1 to be mysqli_result, boolean given in E:\\usb\\UniServerZ\\www\\search.php on line 293, referer: http://localhost/connect.php
[Mon May 20 10:34:19.016029 2019] [php7:warn] [pid 11116:tid 1844] [client ::1:54958] PHP Warning:  mysqli_num_rows() expects parameter 1 to be mysqli_result, boolean given in E:\\usb\\UniServerZ\\www\\search.php on line 293, referer: http://localhost/connect.php
[Mon May 20 10:34:45.394494 2019] [php7:notice] [pid 11116:tid 1844] [client ::1:54965] PHP Notice:  Undefined variable: output in E:\\usb\\UniServerZ\\www\\connect.php on line 377, referer: http://localhost/search.php
[Mon May 20 10:34:45.394494 2019] [php7:notice] [pid 11116:tid 1844] [client ::1:54965] PHP Notice:  Undefined variable: output in E:\\usb\\UniServerZ\\www\\connect.php on line 377, referer: http://localhost/search.php
[Mon May 20 10:34:45.394494 2019] [php7:notice] [pid 11116:tid 1844] [client ::1:54965] PHP Notice:  Undefined variable: output in E:\\usb\\UniServerZ\\www\\connect.php on line 377, referer: http://localhost/search.php
[Mon May 20 10:34:45.394494 2019] [php7:notice] [pid 11116:tid 1844] [client ::1:54965] PHP Notice:  Undefined variable: output in E:\\usb\\UniServerZ\\www\\connect.php on line 377, referer: http://localhost/search.php
[Mon May 20 10:34:45.394494 2019] [php7:notice] [pid 11116:tid 1844] [client ::1:54965] PHP Notice:  Undefined variable: output in E:\\usb\\UniServerZ\\www\\connect.php on line 377, referer: http://localhost/search.php
[Mon May 20 10:34:45.394494 2019] [php7:notice] [pid 11116:tid 1844] [client ::1:54965] PHP Notice:  Undefined variable: output in E:\\usb\\UniServerZ\\www\\connect.php on line 377, referer: http://localhost/search.php
[Mon May 20 10:38:47.680346 2019] [php7:notice] [pid 11116:tid 1844] [client ::1:54973] PHP Notice:  Undefined variable: output in E:\\usb\\UniServerZ\\www\\connect.php on line 377, referer: http://localhost/search.php
[Mon May 20 10:38:47.680346 2019] [php7:notice] [pid 11116:tid 1844] [client ::1:54973] PHP Notice:  Undefined variable: output in E:\\usb\\UniServerZ\\www\\connect.php on line 377, referer: http://localhost/search.php
[Mon May 20 10:38:47.680346 2019] [php7:notice] [pid 11116:tid 1844] [client ::1:54973] PHP Notice:  Undefined variable: output in E:\\usb\\UniServerZ\\www\\connect.php on line 377, referer: http://localhost/search.php
[Mon May 20 10:38:47.680346 2019] [php7:notice] [pid 11116:tid 1844] [client ::1:54973] PHP Notice:  Undefined variable: output in E:\\usb\\UniServerZ\\www\\connect.php on line 377, referer: http://localhost/search.php
[Mon May 20 10:38:47.680346 2019] [php7:notice] [pid 11116:tid 1844] [client ::1:54973] PHP Notice:  Undefined variable: output in E:\\usb\\UniServerZ\\www\\connect.php on line 377, referer: http://localhost/search.php
[Mon May 20 10:38:47.680346 2019] [php7:notice] [pid 11116:tid 1844] [client ::1:54973] PHP Notice:  Undefined variable: output in E:\\usb\\UniServerZ\\www\\connect.php on line 377, referer: http://localhost/search.php
[Mon May 20 10:39:32.591839 2019] [php7:notice] [pid 11116:tid 1876] [client ::1:54991] PHP Notice:  Undefined variable: output in E:\\usb\\UniServerZ\\www\\connect.php on line 377, referer: http://localhost/search.php
[Mon May 20 10:39:32.591839 2019] [php7:notice] [pid 11116:tid 1876] [client ::1:54991] PHP Notice:  Undefined variable: output in E:\\usb\\UniServerZ\\www\\connect.php on line 377, referer: http://localhost/search.php
[Mon May 20 10:39:32.591839 2019] [php7:notice] [pid 11116:tid 1876] [client ::1:54991] PHP Notice:  Undefined variable: output in E:\\usb\\UniServerZ\\www\\connect.php on line 377, referer: http://localhost/search.php
[Mon May 20 10:39:32.591839 2019] [php7:notice] [pid 11116:tid 1876] [client ::1:54991] PHP Notice:  Undefined variable: output in E:\\usb\\UniServerZ\\www\\connect.php on line 377, referer: http://localhost/search.php
[Mon May 20 10:39:32.591839 2019] [php7:notice] [pid 11116:tid 1876] [client ::1:54991] PHP Notice:  Undefined variable: output in E:\\usb\\UniServerZ\\www\\connect.php on line 377, referer: http://localhost/search.php
[Mon May 20 10:39:32.591839 2019] [php7:notice] [pid 11116:tid 1876] [client ::1:54991] PHP Notice:  Undefined variable: output in E:\\usb\\UniServerZ\\www\\connect.php on line 377, referer: http://localhost/search.php
[Mon May 20 10:40:02.937465 2019] [php7:notice] [pid 11116:tid 1876] [client ::1:54999] PHP Notice:  Undefined variable: output in E:\\usb\\UniServerZ\\www\\connect.php on line 377, referer: http://localhost/search.php
[Mon May 20 10:40:02.937465 2019] [php7:notice] [pid 11116:tid 1876] [client ::1:54999] PHP Notice:  Undefined variable: output in E:\\usb\\UniServerZ\\www\\connect.php on line 377, referer: http://localhost/search.php
[Mon May 20 10:40:02.937465 2019] [php7:notice] [pid 11116:tid 1876] [client ::1:54999] PHP Notice:  Undefined variable: output in E:\\usb\\UniServerZ\\www\\connect.php on line 377, referer: http://localhost/search.php
[Mon May 20 10:40:02.937465 2019] [php7:notice] [pid 11116:tid 1876] [client ::1:54999] PHP Notice:  Undefined variable: output in E:\\usb\\UniServerZ\\www\\connect.php on line 377, referer: http://localhost/search.php
[Mon May 20 10:40:02.937465 2019] [php7:notice] [pid 11116:tid 1876] [client ::1:54999] PHP Notice:  Undefined variable: output in E:\\usb\\UniServerZ\\www\\connect.php on line 377, referer: http://localhost/search.php
[Mon May 20 10:40:02.937465 2019] [php7:notice] [pid 11116:tid 1876] [client ::1:54999] PHP Notice:  Undefined variable: output in E:\\usb\\UniServerZ\\www\\connect.php on line 377, referer: http://localhost/search.php
[Mon May 20 10:40:17.457929 2019] [php7:notice] [pid 11116:tid 1876] [client ::1:55006] PHP Notice:  Undefined variable: output in E:\\usb\\UniServerZ\\www\\connect.php on line 377, referer: http://localhost/search.php
[Mon May 20 10:40:17.457929 2019] [php7:notice] [pid 11116:tid 1876] [client ::1:55006] PHP Notice:  Undefined variable: output in E:\\usb\\UniServerZ\\www\\connect.php on line 377, referer: http://localhost/search.php
[Mon May 20 10:40:17.457929 2019] [php7:notice] [pid 11116:tid 1876] [client ::1:55006] PHP Notice:  Undefined variable: output in E:\\usb\\UniServerZ\\www\\connect.php on line 377, referer: http://localhost/search.php
[Mon May 20 10:40:17.457929 2019] [php7:notice] [pid 11116:tid 1876] [client ::1:55006] PHP Notice:  Undefined variable: output in E:\\usb\\UniServerZ\\www\\connect.php on line 377, referer: http://localhost/search.php
[Mon May 20 10:40:17.457929 2019] [php7:notice] [pid 11116:tid 1876] [client ::1:55006] PHP Notice:  Undefined variable: output in E:\\usb\\UniServerZ\\www\\connect.php on line 377, referer: http://localhost/search.php
[Mon May 20 10:40:17.457929 2019] [php7:notice] [pid 11116:tid 1876] [client ::1:55006] PHP Notice:  Undefined variable: output in E:\\usb\\UniServerZ\\www\\connect.php on line 377, referer: http://localhost/search.php
[Mon May 20 10:41:08.670930 2019] [php7:warn] [pid 11116:tid 1828] [client ::1:55015] PHP Warning:  mysqli_num_rows() expects parameter 1 to be mysqli_result, boolean given in E:\\usb\\UniServerZ\\www\\search.php on line 293, referer: http://localhost/connect.php
[Mon May 20 10:44:44.227022 2019] [php7:notice] [pid 11116:tid 1844] [client ::1:55029] PHP Notice:  Undefined variable: output in E:\\usb\\UniServerZ\\www\\connect.php on line 377, referer: http://localhost/search.php
[Mon May 20 10:44:44.227022 2019] [php7:notice] [pid 11116:tid 1844] [client ::1:55029] PHP Notice:  Undefined variable: output in E:\\usb\\UniServerZ\\www\\connect.php on line 377, referer: http://localhost/search.php
[Mon May 20 10:44:44.227022 2019] [php7:notice] [pid 11116:tid 1844] [client ::1:55029] PHP Notice:  Undefined variable: output in E:\\usb\\UniServerZ\\www\\connect.php on line 377, referer: http://localhost/search.php
[Mon May 20 10:44:44.227022 2019] [php7:notice] [pid 11116:tid 1844] [client ::1:55029] PHP Notice:  Undefined variable: output in E:\\usb\\UniServerZ\\www\\connect.php on line 377, referer: http://localhost/search.php
[Mon May 20 10:44:44.227022 2019] [php7:notice] [pid 11116:tid 1844] [client ::1:55029] PHP Notice:  Undefined variable: output in E:\\usb\\UniServerZ\\www\\connect.php on line 377, referer: http://localhost/search.php
[Mon May 20 10:44:44.227022 2019] [php7:notice] [pid 11116:tid 1844] [client ::1:55029] PHP Notice:  Undefined variable: output in E:\\usb\\UniServerZ\\www\\connect.php on line 377, referer: http://localhost/search.php
[Mon May 20 10:45:31.525724 2019] [php7:notice] [pid 11116:tid 1844] [client ::1:55053] PHP Notice:  Undefined variable: output in E:\\usb\\UniServerZ\\www\\connect.php on line 377, referer: http://localhost/search.php
[Mon May 20 10:45:31.525724 2019] [php7:notice] [pid 11116:tid 1844] [client ::1:55053] PHP Notice:  Undefined variable: output in E:\\usb\\UniServerZ\\www\\connect.php on line 377, referer: http://localhost/search.php
[Mon May 20 10:45:31.525724 2019] [php7:notice] [pid 11116:tid 1844] [client ::1:55053] PHP Notice:  Undefined variable: output in E:\\usb\\UniServerZ\\www\\connect.php on line 377, referer: http://localhost/search.php
[Mon May 20 10:45:31.525724 2019] [php7:notice] [pid 11116:tid 1844] [client ::1:55053] PHP Notice:  Undefined variable: output in E:\\usb\\UniServerZ\\www\\connect.php on line 377, referer: http://localhost/search.php
[Mon May 20 10:45:31.525724 2019] [php7:notice] [pid 11116:tid 1844] [client ::1:55053] PHP Notice:  Undefined variable: output in E:\\usb\\UniServerZ\\www\\connect.php on line 377, referer: http://localhost/search.php
[Mon May 20 10:45:31.525724 2019] [php7:notice] [pid 11116:tid 1844] [client ::1:55053] PHP Notice:  Undefined variable: output in E:\\usb\\UniServerZ\\www\\connect.php on line 377, referer: http://localhost/search.php
[Mon May 20 12:53:26.814378 2019] [core:warn] [pid 9456:tid 636] AH00098: pid file E:/usb/UniServerZ/core/apache2/logs/httpd.pid overwritten -- Unclean shutdown of previous Apache run?
[Mon May 20 12:53:27.081003 2019] [mpm_winnt:notice] [pid 9456:tid 636] AH00455: Apache/2.4.25 (Win32) PHP/7.1.1 configured -- resuming normal operations
[Mon May 20 12:53:27.081003 2019] [mpm_winnt:notice] [pid 9456:tid 636] AH00456: Apache Lounge VC14 Server built: Dec 17 2016 10:42:52
[Mon May 20 12:53:27.081003 2019] [core:notice] [pid 9456:tid 636] AH00094: Command line: 'E:\\usb\\UniServerZ\\core\\apache2\\bin\\httpd_z.exe -d E:/usb/UniServerZ/core/apache2 -f E:\\usb\\UniServerZ\\core\\apache2\\conf\\httpd.conf -d E:\\usb\\UniServerZ\\core\\apache2'
[Mon May 20 12:53:27.081003 2019] [mpm_winnt:notice] [pid 9456:tid 636] AH00418: Parent: Created child process 7428
[Mon May 20 12:53:28.545164 2019] [mpm_winnt:notice] [pid 7428:tid 680] AH00354: Child: Starting 150 worker threads.
[Mon May 20 12:53:46.093385 2019] [php7:warn] [pid 7428:tid 1892] [client ::1:55226] PHP Warning:  mysqli_connect(): (HY000/2002): No connection could be made because the target machine actively refused it.\r\n in E:\\usb\\UniServerZ\\www\\connect.php on line 337, referer: http://localhost/index.php
[Mon May 20 12:54:07.638546 2019] [php7:notice] [pid 7428:tid 1892] [client ::1:55231] PHP Notice:  Undefined variable: output in E:\\usb\\UniServerZ\\www\\connect.php on line 377, referer: http://localhost/index.php
[Mon May 20 12:54:07.638546 2019] [php7:notice] [pid 7428:tid 1892] [client ::1:55231] PHP Notice:  Undefined variable: output in E:\\usb\\UniServerZ\\www\\connect.php on line 377, referer: http://localhost/index.php
[Mon May 20 12:54:07.638546 2019] [php7:notice] [pid 7428:tid 1892] [client ::1:55231] PHP Notice:  Undefined variable: output in E:\\usb\\UniServerZ\\www\\connect.php on line 377, referer: http://localhost/index.php
[Mon May 20 12:54:07.638546 2019] [php7:notice] [pid 7428:tid 1892] [client ::1:55231] PHP Notice:  Undefined variable: output in E:\\usb\\UniServerZ\\www\\connect.php on line 377, referer: http://localhost/index.php
[Mon May 20 12:54:07.638546 2019] [php7:notice] [pid 7428:tid 1892] [client ::1:55231] PHP Notice:  Undefined variable: output in E:\\usb\\UniServerZ\\www\\connect.php on line 377, referer: http://localhost/index.php
[Mon May 20 12:54:07.638546 2019] [php7:notice] [pid 7428:tid 1892] [client ::1:55231] PHP Notice:  Undefined variable: output in E:\\usb\\UniServerZ\\www\\connect.php on line 377, referer: http://localhost/index.php
[Mon May 20 12:54:42.886912 2019] [php7:notice] [pid 7428:tid 1892] [client ::1:55268] PHP Notice:  Undefined variable: output in E:\\usb\\UniServerZ\\www\\connect.php on line 377, referer: http://localhost/search.php
[Mon May 20 12:54:42.886912 2019] [php7:notice] [pid 7428:tid 1892] [client ::1:55268] PHP Notice:  Undefined variable: output in E:\\usb\\UniServerZ\\www\\connect.php on line 377, referer: http://localhost/search.php
[Mon May 20 12:54:42.886912 2019] [php7:notice] [pid 7428:tid 1892] [client ::1:55268] PHP Notice:  Undefined variable: output in E:\\usb\\UniServerZ\\www\\connect.php on line 377, referer: http://localhost/search.php
[Mon May 20 12:54:42.886912 2019] [php7:notice] [pid 7428:tid 1892] [client ::1:55268] PHP Notice:  Undefined variable: output in E:\\usb\\UniServerZ\\www\\connect.php on line 377, referer: http://localhost/search.php
[Mon May 20 12:54:42.886912 2019] [php7:notice] [pid 7428:tid 1892] [client ::1:55268] PHP Notice:  Undefined variable: output in E:\\usb\\UniServerZ\\www\\connect.php on line 377, referer: http://localhost/search.php
[Mon May 20 12:54:42.886912 2019] [php7:notice] [pid 7428:tid 1892] [client ::1:55268] PHP Notice:  Undefined variable: output in E:\\usb\\UniServerZ\\www\\connect.php on line 377, referer: http://localhost/search.php
[Mon May 20 13:01:54.277473 2019] [php7:notice] [pid 7428:tid 1892] [client ::1:50008] PHP Notice:  Undefined variable: output in E:\\usb\\UniServerZ\\www\\connect.php on line 377, referer: http://localhost/search.php
[Mon May 20 13:01:54.277473 2019] [php7:notice] [pid 7428:tid 1892] [client ::1:50008] PHP Notice:  Undefined variable: output in E:\\usb\\UniServerZ\\www\\connect.php on line 377, referer: http://localhost/search.php
[Mon May 20 13:01:54.277473 2019] [php7:notice] [pid 7428:tid 1892] [client ::1:50008] PHP Notice:  Undefined variable: output in E:\\usb\\UniServerZ\\www\\connect.php on line 377, referer: http://localhost/search.php
[Mon May 20 13:01:54.277473 2019] [php7:notice] [pid 7428:tid 1892] [client ::1:50008] PHP Notice:  Undefined variable: output in E:\\usb\\UniServerZ\\www\\connect.php on line 377, referer: http://localhost/search.php
[Mon May 20 13:01:54.277473 2019] [php7:notice] [pid 7428:tid 1892] [client ::1:50008] PHP Notice:  Undefined variable: output in E:\\usb\\UniServerZ\\www\\connect.php on line 377, referer: http://localhost/search.php
[Mon May 20 13:01:54.277473 2019] [php7:notice] [pid 7428:tid 1892] [client ::1:50008] PHP Notice:  Undefined variable: output in E:\\usb\\UniServerZ\\www\\connect.php on line 377, referer: http://localhost/search.php
[Mon May 20 13:04:52.734161 2019] [php7:notice] [pid 7428:tid 1876] [client ::1:50022] PHP Notice:  Undefined variable: output in E:\\usb\\UniServerZ\\www\\connect.php on line 377, referer: http://localhost/search.php
[Mon May 20 13:04:52.734161 2019] [php7:notice] [pid 7428:tid 1876] [client ::1:50022] PHP Notice:  Undefined variable: output in E:\\usb\\UniServerZ\\www\\connect.php on line 377, referer: http://localhost/search.php
[Mon May 20 13:04:52.734161 2019] [php7:notice] [pid 7428:tid 1876] [client ::1:50022] PHP Notice:  Undefined variable: output in E:\\usb\\UniServerZ\\www\\connect.php on line 377, referer: http://localhost/search.php
[Mon May 20 13:04:52.734161 2019] [php7:notice] [pid 7428:tid 1876] [client ::1:50022] PHP Notice:  Undefined variable: output in E:\\usb\\UniServerZ\\www\\connect.php on line 377, referer: http://localhost/search.php
[Mon May 20 13:04:52.734161 2019] [php7:notice] [pid 7428:tid 1876] [client ::1:50022] PHP Notice:  Undefined variable: output in E:\\usb\\UniServerZ\\www\\connect.php on line 377, referer: http://localhost/search.php
[Mon May 20 13:04:52.734161 2019] [php7:notice] [pid 7428:tid 1876] [client ::1:50022] PHP Notice:  Undefined variable: output in E:\\usb\\UniServerZ\\www\\connect.php on line 377, referer: http://localhost/search.php
[Mon May 20 13:05:01.163367 2019] [php7:crit] [pid 7428:tid 1884] [client ::1:50035] PHP Parse error:  syntax error, unexpected '"AND Price>"' (T_CONSTANT_ENCAPSED_STRING) in E:\\usb\\UniServerZ\\www\\search.php on line 266, referer: http://localhost/connect.php
[Mon May 20 13:05:35.249220 2019] [php7:notice] [pid 7428:tid 1884] [client ::1:50037] PHP Notice:  Undefined variable: output in E:\\usb\\UniServerZ\\www\\connect.php on line 377, referer: http://localhost/index.php
[Mon May 20 13:05:35.249220 2019] [php7:notice] [pid 7428:tid 1884] [client ::1:50037] PHP Notice:  Undefined variable: output in E:\\usb\\UniServerZ\\www\\connect.php on line 377, referer: http://localhost/index.php
[Mon May 20 13:05:35.249220 2019] [php7:notice] [pid 7428:tid 1884] [client ::1:50037] PHP Notice:  Undefined variable: output in E:\\usb\\UniServerZ\\www\\connect.php on line 377, referer: http://localhost/index.php
[Mon May 20 13:05:35.249220 2019] [php7:notice] [pid 7428:tid 1884] [client ::1:50037] PHP Notice:  Undefined variable: output in E:\\usb\\UniServerZ\\www\\connect.php on line 377, referer: http://localhost/index.php
[Mon May 20 13:05:35.249220 2019] [php7:notice] [pid 7428:tid 1884] [client ::1:50037] PHP Notice:  Undefined variable: output in E:\\usb\\UniServerZ\\www\\connect.php on line 377, referer: http://localhost/index.php
[Mon May 20 13:05:35.249220 2019] [php7:notice] [pid 7428:tid 1884] [client ::1:50037] PHP Notice:  Undefined variable: output in E:\\usb\\UniServerZ\\www\\connect.php on line 377, referer: http://localhost/index.php
[Mon May 20 13:05:58.759759 2019] [php7:notice] [pid 7428:tid 1884] [client ::1:50043] PHP Notice:  Undefined variable: output in E:\\usb\\UniServerZ\\www\\connect.php on line 377, referer: http://localhost/search.php
[Mon May 20 13:05:58.759759 2019] [php7:notice] [pid 7428:tid 1884] [client ::1:50043] PHP Notice:  Undefined variable: output in E:\\usb\\UniServerZ\\www\\connect.php on line 377, referer: http://localhost/search.php
[Mon May 20 13:05:58.759759 2019] [php7:notice] [pid 7428:tid 1884] [client ::1:50043] PHP Notice:  Undefined variable: output in E:\\usb\\UniServerZ\\www\\connect.php on line 377, referer: http://localhost/search.php
[Mon May 20 13:05:58.759759 2019] [php7:notice] [pid 7428:tid 1884] [client ::1:50043] PHP Notice:  Undefined variable: output in E:\\usb\\UniServerZ\\www\\connect.php on line 377, referer: http://localhost/search.php
[Mon May 20 13:05:58.759759 2019] [php7:notice] [pid 7428:tid 1884] [client ::1:50043] PHP Notice:  Undefined variable: output in E:\\usb\\UniServerZ\\www\\connect.php on line 377, referer: http://localhost/search.php
[Mon May 20 13:05:58.759759 2019] [php7:notice] [pid 7428:tid 1884] [client ::1:50043] PHP Notice:  Undefined variable: output in E:\\usb\\UniServerZ\\www\\connect.php on line 377, referer: http://localhost/search.php
[Mon May 20 13:06:42.136904 2019] [php7:notice] [pid 7428:tid 1884] [client ::1:50052] PHP Notice:  Undefined variable: output in E:\\usb\\UniServerZ\\www\\connect.php on line 377, referer: http://localhost/search.php
[Mon May 20 13:06:42.136904 2019] [php7:notice] [pid 7428:tid 1884] [client ::1:50052] PHP Notice:  Undefined variable: output in E:\\usb\\UniServerZ\\www\\connect.php on line 377, referer: http://localhost/search.php
[Mon May 20 13:06:42.136904 2019] [php7:notice] [pid 7428:tid 1884] [client ::1:50052] PHP Notice:  Undefined variable: output in E:\\usb\\UniServerZ\\www\\connect.php on line 377, referer: http://localhost/search.php
[Mon May 20 13:06:42.136904 2019] [php7:notice] [pid 7428:tid 1884] [client ::1:50052] PHP Notice:  Undefined variable: output in E:\\usb\\UniServerZ\\www\\connect.php on line 377, referer: http://localhost/search.php
[Mon May 20 13:06:42.136904 2019] [php7:notice] [pid 7428:tid 1884] [client ::1:50052] PHP Notice:  Undefined variable: output in E:\\usb\\UniServerZ\\www\\connect.php on line 377, referer: http://localhost/search.php
[Mon May 20 13:06:42.136904 2019] [php7:notice] [pid 7428:tid 1884] [client ::1:50052] PHP Notice:  Undefined variable: output in E:\\usb\\UniServerZ\\www\\connect.php on line 377, referer: http://localhost/search.php
[Mon May 20 13:06:45.953669 2019] [php7:warn] [pid 7428:tid 1884] [client ::1:50052] PHP Warning:  mysqli_num_rows() expects parameter 1 to be mysqli_result, boolean given in E:\\usb\\UniServerZ\\www\\search.php on line 293, referer: http://localhost/connect.php
[Mon May 20 13:06:48.530130 2019] [php7:notice] [pid 7428:tid 1884] [client ::1:50052] PHP Notice:  Undefined variable: output in E:\\usb\\UniServerZ\\www\\connect.php on line 377, referer: http://localhost/search.php
[Mon May 20 13:06:48.530130 2019] [php7:notice] [pid 7428:tid 1884] [client ::1:50052] PHP Notice:  Undefined variable: output in E:\\usb\\UniServerZ\\www\\connect.php on line 377, referer: http://localhost/search.php
[Mon May 20 13:06:48.530130 2019] [php7:notice] [pid 7428:tid 1884] [client ::1:50052] PHP Notice:  Undefined variable: output in E:\\usb\\UniServerZ\\www\\connect.php on line 377, referer: http://localhost/search.php
[Mon May 20 13:06:48.530130 2019] [php7:notice] [pid 7428:tid 1884] [client ::1:50052] PHP Notice:  Undefined variable: output in E:\\usb\\UniServerZ\\www\\connect.php on line 377, referer: http://localhost/search.php
[Mon May 20 13:06:48.530130 2019] [php7:notice] [pid 7428:tid 1884] [client ::1:50052] PHP Notice:  Undefined variable: output in E:\\usb\\UniServerZ\\www\\connect.php on line 377, referer: http://localhost/search.php
[Mon May 20 13:06:48.530130 2019] [php7:notice] [pid 7428:tid 1884] [client ::1:50052] PHP Notice:  Undefined variable: output in E:\\usb\\UniServerZ\\www\\connect.php on line 377, referer: http://localhost/search.php
[Mon May 20 13:07:33.594545 2019] [php7:notice] [pid 7428:tid 1884] [client ::1:50062] PHP Notice:  Undefined variable: output in E:\\usb\\UniServerZ\\www\\connect.php on line 377, referer: http://localhost/search.php
[Mon May 20 13:07:33.594545 2019] [php7:notice] [pid 7428:tid 1884] [client ::1:50062] PHP Notice:  Undefined variable: output in E:\\usb\\UniServerZ\\www\\connect.php on line 377, referer: http://localhost/search.php
[Mon May 20 13:07:33.594545 2019] [php7:notice] [pid 7428:tid 1884] [client ::1:50062] PHP Notice:  Undefined variable: output in E:\\usb\\UniServerZ\\www\\connect.php on line 377, referer: http://localhost/search.php
[Mon May 20 13:07:33.594545 2019] [php7:notice] [pid 7428:tid 1884] [client ::1:50062] PHP Notice:  Undefined variable: output in E:\\usb\\UniServerZ\\www\\connect.php on line 377, referer: http://localhost/search.php
[Mon May 20 13:07:33.594545 2019] [php7:notice] [pid 7428:tid 1884] [client ::1:50062] PHP Notice:  Undefined variable: output in E:\\usb\\UniServerZ\\www\\connect.php on line 377, referer: http://localhost/search.php
[Mon May 20 13:07:33.594545 2019] [php7:notice] [pid 7428:tid 1884] [client ::1:50062] PHP Notice:  Undefined variable: output in E:\\usb\\UniServerZ\\www\\connect.php on line 377, referer: http://localhost/search.php
[Mon May 20 13:09:10.129097 2019] [php7:notice] [pid 7428:tid 1884] [client ::1:50067] PHP Notice:  Undefined variable: output in E:\\usb\\UniServerZ\\www\\connect.php on line 377, referer: http://localhost/search.php
[Mon May 20 13:09:10.129097 2019] [php7:notice] [pid 7428:tid 1884] [client ::1:50067] PHP Notice:  Undefined variable: output in E:\\usb\\UniServerZ\\www\\connect.php on line 377, referer: http://localhost/search.php
[Mon May 20 13:09:10.129097 2019] [php7:notice] [pid 7428:tid 1884] [client ::1:50067] PHP Notice:  Undefined variable: output in E:\\usb\\UniServerZ\\www\\connect.php on line 377, referer: http://localhost/search.php
[Mon May 20 13:09:10.129097 2019] [php7:notice] [pid 7428:tid 1884] [client ::1:50067] PHP Notice:  Undefined variable: output in E:\\usb\\UniServerZ\\www\\connect.php on line 377, referer: http://localhost/search.php
[Mon May 20 13:09:10.129097 2019] [php7:notice] [pid 7428:tid 1884] [client ::1:50067] PHP Notice:  Undefined variable: output in E:\\usb\\UniServerZ\\www\\connect.php on line 377, referer: http://localhost/search.php
[Mon May 20 13:09:10.129097 2019] [php7:notice] [pid 7428:tid 1884] [client ::1:50067] PHP Notice:  Undefined variable: output in E:\\usb\\UniServerZ\\www\\connect.php on line 377, referer: http://localhost/search.php
[Mon May 20 13:09:24.609348 2019] [php7:notice] [pid 7428:tid 1868] [client ::1:50082] PHP Notice:  Undefined variable: output in E:\\usb\\UniServerZ\\www\\connect.php on line 377, referer: http://localhost/search.php
[Mon May 20 13:09:24.609348 2019] [php7:notice] [pid 7428:tid 1868] [client ::1:50082] PHP Notice:  Undefined variable: output in E:\\usb\\UniServerZ\\www\\connect.php on line 377, referer: http://localhost/search.php
[Mon May 20 13:09:24.609348 2019] [php7:notice] [pid 7428:tid 1868] [client ::1:50082] PHP Notice:  Undefined variable: output in E:\\usb\\UniServerZ\\www\\connect.php on line 377, referer: http://localhost/search.php
[Mon May 20 13:09:24.609348 2019] [php7:notice] [pid 7428:tid 1868] [client ::1:50082] PHP Notice:  Undefined variable: output in E:\\usb\\UniServerZ\\www\\connect.php on line 377, referer: http://localhost/search.php
[Mon May 20 13:09:24.609348 2019] [php7:notice] [pid 7428:tid 1868] [client ::1:50082] PHP Notice:  Undefined variable: output in E:\\usb\\UniServerZ\\www\\connect.php on line 377, referer: http://localhost/search.php
[Mon May 20 13:09:24.609348 2019] [php7:notice] [pid 7428:tid 1868] [client ::1:50082] PHP Notice:  Undefined variable: output in E:\\usb\\UniServerZ\\www\\connect.php on line 377, referer: http://localhost/search.php
[Mon May 20 13:09:40.528540 2019] [php7:notice] [pid 7428:tid 1868] [client ::1:50090] PHP Notice:  Undefined variable: output in E:\\usb\\UniServerZ\\www\\connect.php on line 377, referer: http://localhost/search.php
[Mon May 20 13:09:40.528540 2019] [php7:notice] [pid 7428:tid 1868] [client ::1:50090] PHP Notice:  Undefined variable: output in E:\\usb\\UniServerZ\\www\\connect.php on line 377, referer: http://localhost/search.php
[Mon May 20 13:09:40.528540 2019] [php7:notice] [pid 7428:tid 1868] [client ::1:50090] PHP Notice:  Undefined variable: output in E:\\usb\\UniServerZ\\www\\connect.php on line 377, referer: http://localhost/search.php
[Mon May 20 13:09:40.528540 2019] [php7:notice] [pid 7428:tid 1868] [client ::1:50090] PHP Notice:  Undefined variable: output in E:\\usb\\UniServerZ\\www\\connect.php on line 377, referer: http://localhost/search.php
[Mon May 20 13:09:40.528540 2019] [php7:notice] [pid 7428:tid 1868] [client ::1:50090] PHP Notice:  Undefined variable: output in E:\\usb\\UniServerZ\\www\\connect.php on line 377, referer: http://localhost/search.php
[Mon May 20 13:09:40.528540 2019] [php7:notice] [pid 7428:tid 1868] [client ::1:50090] PHP Notice:  Undefined variable: output in E:\\usb\\UniServerZ\\www\\connect.php on line 377, referer: http://localhost/search.php
[Mon May 20 13:10:28.804616 2019] [php7:notice] [pid 7428:tid 1868] [client ::1:50100] PHP Notice:  Undefined variable: output in E:\\usb\\UniServerZ\\www\\connect.php on line 377, referer: http://localhost/search.php
[Mon May 20 13:10:28.804616 2019] [php7:notice] [pid 7428:tid 1868] [client ::1:50100] PHP Notice:  Undefined variable: output in E:\\usb\\UniServerZ\\www\\connect.php on line 377, referer: http://localhost/search.php
[Mon May 20 13:10:28.804616 2019] [php7:notice] [pid 7428:tid 1868] [client ::1:50100] PHP Notice:  Undefined variable: output in E:\\usb\\UniServerZ\\www\\connect.php on line 377, referer: http://localhost/search.php
[Mon May 20 13:10:28.804616 2019] [php7:notice] [pid 7428:tid 1868] [client ::1:50100] PHP Notice:  Undefined variable: output in E:\\usb\\UniServerZ\\www\\connect.php on line 377, referer: http://localhost/search.php
[Mon May 20 13:10:28.804616 2019] [php7:notice] [pid 7428:tid 1868] [client ::1:50100] PHP Notice:  Undefined variable: output in E:\\usb\\UniServerZ\\www\\connect.php on line 377, referer: http://localhost/search.php
[Mon May 20 13:10:28.804616 2019] [php7:notice] [pid 7428:tid 1868] [client ::1:50100] PHP Notice:  Undefined variable: output in E:\\usb\\UniServerZ\\www\\connect.php on line 377, referer: http://localhost/search.php
[Mon May 20 13:10:51.729922 2019] [php7:notice] [pid 7428:tid 1868] [client ::1:50114] PHP Notice:  Undefined variable: output in E:\\usb\\UniServerZ\\www\\connect.php on line 377, referer: http://localhost/search.php
[Mon May 20 13:10:51.729922 2019] [php7:notice] [pid 7428:tid 1868] [client ::1:50114] PHP Notice:  Undefined variable: output in E:\\usb\\UniServerZ\\www\\connect.php on line 377, referer: http://localhost/search.php
[Mon May 20 13:10:51.729922 2019] [php7:notice] [pid 7428:tid 1868] [client ::1:50114] PHP Notice:  Undefined variable: output in E:\\usb\\UniServerZ\\www\\connect.php on line 377, referer: http://localhost/search.php
[Mon May 20 13:10:51.729922 2019] [php7:notice] [pid 7428:tid 1868] [client ::1:50114] PHP Notice:  Undefined variable: output in E:\\usb\\UniServerZ\\www\\connect.php on line 377, referer: http://localhost/search.php
[Mon May 20 13:10:51.729922 2019] [php7:notice] [pid 7428:tid 1868] [client ::1:50114] PHP Notice:  Undefined variable: output in E:\\usb\\UniServerZ\\www\\connect.php on line 377, referer: http://localhost/search.php
[Mon May 20 13:10:51.729922 2019] [php7:notice] [pid 7428:tid 1868] [client ::1:50114] PHP Notice:  Undefined variable: output in E:\\usb\\UniServerZ\\www\\connect.php on line 377, referer: http://localhost/search.php
[Mon May 20 13:11:08.166392 2019] [php7:notice] [pid 7428:tid 1892] [client ::1:50126] PHP Notice:  Undefined variable: output in E:\\usb\\UniServerZ\\www\\connect.php on line 377, referer: http://localhost/search.php
[Mon May 20 13:11:08.166392 2019] [php7:notice] [pid 7428:tid 1892] [client ::1:50126] PHP Notice:  Undefined variable: output in E:\\usb\\UniServerZ\\www\\connect.php on line 377, referer: http://localhost/search.php
[Mon May 20 13:11:08.166392 2019] [php7:notice] [pid 7428:tid 1892] [client ::1:50126] PHP Notice:  Undefined variable: output in E:\\usb\\UniServerZ\\www\\connect.php on line 377, referer: http://localhost/search.php
[Mon May 20 13:11:08.166392 2019] [php7:notice] [pid 7428:tid 1892] [client ::1:50126] PHP Notice:  Undefined variable: output in E:\\usb\\UniServerZ\\www\\connect.php on line 377, referer: http://localhost/search.php
[Mon May 20 13:11:08.166392 2019] [php7:notice] [pid 7428:tid 1892] [client ::1:50126] PHP Notice:  Undefined variable: output in E:\\usb\\UniServerZ\\www\\connect.php on line 377, referer: http://localhost/search.php
[Mon May 20 13:11:08.166392 2019] [php7:notice] [pid 7428:tid 1892] [client ::1:50126] PHP Notice:  Undefined variable: output in E:\\usb\\UniServerZ\\www\\connect.php on line 377, referer: http://localhost/search.php
[Mon May 20 13:11:24.895112 2019] [php7:notice] [pid 7428:tid 1892] [client ::1:50135] PHP Notice:  Undefined variable: output in E:\\usb\\UniServerZ\\www\\connect.php on line 377, referer: http://localhost/search.php
[Mon May 20 13:11:24.895112 2019] [php7:notice] [pid 7428:tid 1892] [client ::1:50135] PHP Notice:  Undefined variable: output in E:\\usb\\UniServerZ\\www\\connect.php on line 377, referer: http://localhost/search.php
[Mon May 20 13:11:24.895112 2019] [php7:notice] [pid 7428:tid 1892] [client ::1:50135] PHP Notice:  Undefined variable: output in E:\\usb\\UniServerZ\\www\\connect.php on line 377, referer: http://localhost/search.php
[Mon May 20 13:11:24.895112 2019] [php7:notice] [pid 7428:tid 1892] [client ::1:50135] PHP Notice:  Undefined variable: output in E:\\usb\\UniServerZ\\www\\connect.php on line 377, referer: http://localhost/search.php
[Mon May 20 13:11:24.895112 2019] [php7:notice] [pid 7428:tid 1892] [client ::1:50135] PHP Notice:  Undefined variable: output in E:\\usb\\UniServerZ\\www\\connect.php on line 377, referer: http://localhost/search.php
[Mon May 20 13:11:24.895112 2019] [php7:notice] [pid 7428:tid 1892] [client ::1:50135] PHP Notice:  Undefined variable: output in E:\\usb\\UniServerZ\\www\\connect.php on line 377, referer: http://localhost/search.php
[Mon May 20 13:16:05.475783 2019] [php7:notice] [pid 7428:tid 1884] [client ::1:50247] PHP Notice:  Undefined variable: output in E:\\usb\\UniServerZ\\www\\connect.php on line 377, referer: http://localhost/index.php
[Mon May 20 13:16:05.475783 2019] [php7:notice] [pid 7428:tid 1884] [client ::1:50247] PHP Notice:  Undefined variable: output in E:\\usb\\UniServerZ\\www\\connect.php on line 377, referer: http://localhost/index.php
[Mon May 20 13:16:05.475783 2019] [php7:notice] [pid 7428:tid 1884] [client ::1:50247] PHP Notice:  Undefined variable: output in E:\\usb\\UniServerZ\\www\\connect.php on line 377, referer: http://localhost/index.php
[Mon May 20 13:16:05.475783 2019] [php7:notice] [pid 7428:tid 1884] [client ::1:50247] PHP Notice:  Undefined variable: output in E:\\usb\\UniServerZ\\www\\connect.php on line 377, referer: http://localhost/index.php
[Mon May 20 13:16:05.475783 2019] [php7:notice] [pid 7428:tid 1884] [client ::1:50247] PHP Notice:  Undefined variable: output in E:\\usb\\UniServerZ\\www\\connect.php on line 377, referer: http://localhost/index.php
[Mon May 20 13:16:05.475783 2019] [php7:notice] [pid 7428:tid 1884] [client ::1:50247] PHP Notice:  Undefined variable: output in E:\\usb\\UniServerZ\\www\\connect.php on line 377, referer: http://localhost/index.php
[Mon May 20 13:19:16.213405 2019] [core:warn] [pid 9668:tid 676] AH00098: pid file E:/usb/UniServerZ/core/apache2/logs/httpd.pid overwritten -- Unclean shutdown of previous Apache run?
[Mon May 20 13:19:16.260275 2019] [mpm_winnt:notice] [pid 9668:tid 676] AH00455: Apache/2.4.25 (Win32) PHP/7.1.1 configured -- resuming normal operations
[Mon May 20 13:19:16.260275 2019] [mpm_winnt:notice] [pid 9668:tid 676] AH00456: Apache Lounge VC14 Server built: Dec 17 2016 10:42:52
[Mon May 20 13:19:16.260275 2019] [core:notice] [pid 9668:tid 676] AH00094: Command line: 'E:\\usb\\UniServerZ\\core\\apache2\\bin\\httpd_z.exe -d E:/usb/UniServerZ/core/apache2 -f E:\\usb\\UniServerZ\\core\\apache2\\conf\\httpd.conf -d E:\\usb\\UniServerZ\\core\\apache2'
[Mon May 20 13:19:16.275899 2019] [mpm_winnt:notice] [pid 9668:tid 676] AH00418: Parent: Created child process 9752
[Mon May 20 13:19:17.948292 2019] [mpm_winnt:notice] [pid 9752:tid 596] AH00354: Child: Starting 150 worker threads.
[Mon May 20 13:19:29.737697 2019] [php7:warn] [pid 9752:tid 1896] [client ::1:50326] PHP Warning:  mysqli_connect(): (HY000/1045): Access denied for user 'Admin'@'localhost' (using password: YES) in E:\\usb\\UniServerZ\\www\\connect.php on line 337, referer: http://localhost/index.php
[Mon May 20 13:20:01.256781 2019] [php7:warn] [pid 9752:tid 1896] [client ::1:50330] PHP Warning:  mysqli_connect(): (HY000/1045): Access denied for user 'Admin'@'localhost' (using password: YES) in E:\\usb\\UniServerZ\\www\\connect.php on line 337, referer: http://localhost/index.php
[Mon May 20 13:20:55.027994 2019] [php7:notice] [pid 9752:tid 1888] [client ::1:50371] PHP Notice:  Undefined variable: output in E:\\usb\\UniServerZ\\www\\connect.php on line 377, referer: http://localhost/index.php
[Mon May 20 13:20:55.027994 2019] [php7:notice] [pid 9752:tid 1888] [client ::1:50371] PHP Notice:  Undefined variable: output in E:\\usb\\UniServerZ\\www\\connect.php on line 377, referer: http://localhost/index.php
[Mon May 20 13:20:55.027994 2019] [php7:notice] [pid 9752:tid 1888] [client ::1:50371] PHP Notice:  Undefined variable: output in E:\\usb\\UniServerZ\\www\\connect.php on line 377, referer: http://localhost/index.php
[Mon May 20 13:20:55.027994 2019] [php7:notice] [pid 9752:tid 1888] [client ::1:50371] PHP Notice:  Undefined variable: output in E:\\usb\\UniServerZ\\www\\connect.php on line 377, referer: http://localhost/index.php
[Mon May 20 13:20:55.027994 2019] [php7:notice] [pid 9752:tid 1888] [client ::1:50371] PHP Notice:  Undefined variable: output in E:\\usb\\UniServerZ\\www\\connect.php on line 377, referer: http://localhost/index.php
[Mon May 20 13:20:55.027994 2019] [php7:notice] [pid 9752:tid 1888] [client ::1:50371] PHP Notice:  Undefined variable: output in E:\\usb\\UniServerZ\\www\\connect.php on line 377, referer: http://localhost/index.php
[Mon May 20 13:21:58.283324 2019] [php7:notice] [pid 9752:tid 1896] [client ::1:50386] PHP Notice:  Undefined variable: output in E:\\usb\\UniServerZ\\www\\connect.php on line 377, referer: http://localhost/index.php
[Mon May 20 13:21:58.283324 2019] [php7:notice] [pid 9752:tid 1896] [client ::1:50386] PHP Notice:  Undefined variable: output in E:\\usb\\UniServerZ\\www\\connect.php on line 377, referer: http://localhost/index.php
[Mon May 20 13:21:58.283324 2019] [php7:notice] [pid 9752:tid 1896] [client ::1:50386] PHP Notice:  Undefined variable: output in E:\\usb\\UniServerZ\\www\\connect.php on line 377, referer: http://localhost/index.php
[Mon May 20 13:21:58.283324 2019] [php7:notice] [pid 9752:tid 1896] [client ::1:50386] PHP Notice:  Undefined variable: output in E:\\usb\\UniServerZ\\www\\connect.php on line 377, referer: http://localhost/index.php
[Mon May 20 13:21:58.283324 2019] [php7:notice] [pid 9752:tid 1896] [client ::1:50386] PHP Notice:  Undefined variable: output in E:\\usb\\UniServerZ\\www\\connect.php on line 377, referer: http://localhost/index.php
[Mon May 20 13:21:58.283324 2019] [php7:notice] [pid 9752:tid 1896] [client ::1:50386] PHP Notice:  Undefined variable: output in E:\\usb\\UniServerZ\\www\\connect.php on line 377, referer: http://localhost/index.php
[Mon May 20 13:23:51.622463 2019] [php7:notice] [pid 9752:tid 1888] [client ::1:50473] PHP Notice:  Undefined variable: output in E:\\usb\\UniServerZ\\www\\connect.php on line 377, referer: http://localhost/index.php
[Mon May 20 13:23:51.622463 2019] [php7:notice] [pid 9752:tid 1888] [client ::1:50473] PHP Notice:  Undefined variable: output in E:\\usb\\UniServerZ\\www\\connect.php on line 377, referer: http://localhost/index.php
[Mon May 20 13:23:51.622463 2019] [php7:notice] [pid 9752:tid 1888] [client ::1:50473] PHP Notice:  Undefined variable: output in E:\\usb\\UniServerZ\\www\\connect.php on line 377, referer: http://localhost/index.php
[Mon May 20 13:23:51.622463 2019] [php7:notice] [pid 9752:tid 1888] [client ::1:50473] PHP Notice:  Undefined variable: output in E:\\usb\\UniServerZ\\www\\connect.php on line 377, referer: http://localhost/index.php
[Mon May 20 13:23:51.622463 2019] [php7:notice] [pid 9752:tid 1888] [client ::1:50473] PHP Notice:  Undefined variable: output in E:\\usb\\UniServerZ\\www\\connect.php on line 377, referer: http://localhost/index.php
[Mon May 20 13:23:51.622463 2019] [php7:notice] [pid 9752:tid 1888] [client ::1:50473] PHP Notice:  Undefined variable: output in E:\\usb\\UniServerZ\\www\\connect.php on line 377, referer: http://localhost/index.php
[Mon May 20 13:24:55.029137 2019] [php7:notice] [pid 9752:tid 1876] [client ::1:50486] PHP Notice:  Undefined variable: output in E:\\usb\\UniServerZ\\www\\connect.php on line 377, referer: http://localhost/index.php
[Mon May 20 13:24:55.029137 2019] [php7:notice] [pid 9752:tid 1876] [client ::1:50486] PHP Notice:  Undefined variable: output in E:\\usb\\UniServerZ\\www\\connect.php on line 377, referer: http://localhost/index.php
[Mon May 20 13:24:55.029137 2019] [php7:notice] [pid 9752:tid 1876] [client ::1:50486] PHP Notice:  Undefined variable: output in E:\\usb\\UniServerZ\\www\\connect.php on line 377, referer: http://localhost/index.php
[Mon May 20 13:24:55.030126 2019] [php7:notice] [pid 9752:tid 1876] [client ::1:50486] PHP Notice:  Undefined variable: output in E:\\usb\\UniServerZ\\www\\connect.php on line 377, referer: http://localhost/index.php
[Mon May 20 13:24:55.030126 2019] [php7:notice] [pid 9752:tid 1876] [client ::1:50486] PHP Notice:  Undefined variable: output in E:\\usb\\UniServerZ\\www\\connect.php on line 377, referer: http://localhost/index.php
[Mon May 20 13:24:55.030126 2019] [php7:notice] [pid 9752:tid 1876] [client ::1:50486] PHP Notice:  Undefined variable: output in E:\\usb\\UniServerZ\\www\\connect.php on line 377, referer: http://localhost/index.php
[Mon May 20 13:25:33.455636 2019] [core:warn] [pid 1552:tid 648] AH00098: pid file E:/usb/UniServerZ/core/apache2/logs/httpd.pid overwritten -- Unclean shutdown of previous Apache run?
[Mon May 20 13:25:33.588647 2019] [mpm_winnt:notice] [pid 1552:tid 648] AH00455: Apache/2.4.25 (Win32) PHP/7.1.1 configured -- resuming normal operations
[Mon May 20 13:25:33.588647 2019] [mpm_winnt:notice] [pid 1552:tid 648] AH00456: Apache Lounge VC14 Server built: Dec 17 2016 10:42:52
[Mon May 20 13:25:33.588647 2019] [core:notice] [pid 1552:tid 648] AH00094: Command line: 'E:\\usb\\UniServerZ\\core\\apache2\\bin\\httpd_z.exe -d E:/usb/UniServerZ/core/apache2 -f E:\\usb\\UniServerZ\\core\\apache2\\conf\\httpd.conf -d E:\\usb\\UniServerZ\\core\\apache2'
[Mon May 20 13:25:33.598675 2019] [mpm_winnt:notice] [pid 1552:tid 648] AH00418: Parent: Created child process 1704
[Mon May 20 13:25:35.199034 2019] [mpm_winnt:notice] [pid 1704:tid 692] AH00354: Child: Starting 150 worker threads.
[Mon May 20 13:25:39.610789 2019] [php7:notice] [pid 1704:tid 1892] [client ::1:50503] PHP Notice:  Undefined variable: output in E:\\usb\\UniServerZ\\www\\connect.php on line 377, referer: http://localhost/index.php
[Mon May 20 13:25:39.610789 2019] [php7:notice] [pid 1704:tid 1892] [client ::1:50503] PHP Notice:  Undefined variable: output in E:\\usb\\UniServerZ\\www\\connect.php on line 377, referer: http://localhost/index.php
[Mon May 20 13:25:39.610789 2019] [php7:notice] [pid 1704:tid 1892] [client ::1:50503] PHP Notice:  Undefined variable: output in E:\\usb\\UniServerZ\\www\\connect.php on line 377, referer: http://localhost/index.php
[Mon May 20 13:25:39.610789 2019] [php7:notice] [pid 1704:tid 1892] [client ::1:50503] PHP Notice:  Undefined variable: output in E:\\usb\\UniServerZ\\www\\connect.php on line 377, referer: http://localhost/index.php
[Mon May 20 13:25:39.610789 2019] [php7:notice] [pid 1704:tid 1892] [client ::1:50503] PHP Notice:  Undefined variable: output in E:\\usb\\UniServerZ\\www\\connect.php on line 377, referer: http://localhost/index.php
[Mon May 20 13:25:39.610789 2019] [php7:notice] [pid 1704:tid 1892] [client ::1:50503] PHP Notice:  Undefined variable: output in E:\\usb\\UniServerZ\\www\\connect.php on line 377, referer: http://localhost/index.php
[Mon May 20 13:26:09.328699 2019] [php7:warn] [pid 1704:tid 1876] [client ::1:50512] PHP Warning:  mysqli_connect(): (HY000/1045): Access denied for user 'root'@'localhost' (using password: YES) in E:\\usb\\UniServerZ\\www\\search.php on line 275, referer: http://localhost/connect.php
[Mon May 20 13:31:55.922141 2019] [php7:notice] [pid 1704:tid 1868] [client ::1:50561] PHP Notice:  Undefined variable: output in E:\\usb\\UniServerZ\\www\\connect.php on line 377, referer: http://localhost/
[Mon May 20 13:31:55.922141 2019] [php7:notice] [pid 1704:tid 1868] [client ::1:50561] PHP Notice:  Undefined variable: output in E:\\usb\\UniServerZ\\www\\connect.php on line 377, referer: http://localhost/
[Mon May 20 13:31:55.922141 2019] [php7:notice] [pid 1704:tid 1868] [client ::1:50561] PHP Notice:  Undefined variable: output in E:\\usb\\UniServerZ\\www\\connect.php on line 377, referer: http://localhost/
[Mon May 20 13:31:55.922141 2019] [php7:notice] [pid 1704:tid 1868] [client ::1:50561] PHP Notice:  Undefined variable: output in E:\\usb\\UniServerZ\\www\\connect.php on line 377, referer: http://localhost/
[Mon May 20 13:31:55.922141 2019] [php7:notice] [pid 1704:tid 1868] [client ::1:50561] PHP Notice:  Undefined variable: output in E:\\usb\\UniServerZ\\www\\connect.php on line 377, referer: http://localhost/
[Mon May 20 13:31:55.922141 2019] [php7:notice] [pid 1704:tid 1868] [client ::1:50561] PHP Notice:  Undefined variable: output in E:\\usb\\UniServerZ\\www\\connect.php on line 377, referer: http://localhost/
[Mon May 20 13:32:46.179363 2019] [php7:notice] [pid 1704:tid 1848] [client ::1:50630] PHP Notice:  Undefined variable: output in E:\\usb\\UniServerZ\\www\\connect.php on line 377, referer: http://localhost/
[Mon May 20 13:32:46.179363 2019] [php7:notice] [pid 1704:tid 1848] [client ::1:50630] PHP Notice:  Undefined variable: output in E:\\usb\\UniServerZ\\www\\connect.php on line 377, referer: http://localhost/
[Mon May 20 13:32:46.179363 2019] [php7:notice] [pid 1704:tid 1848] [client ::1:50630] PHP Notice:  Undefined variable: output in E:\\usb\\UniServerZ\\www\\connect.php on line 377, referer: http://localhost/
[Mon May 20 13:32:46.179363 2019] [php7:notice] [pid 1704:tid 1848] [client ::1:50630] PHP Notice:  Undefined variable: output in E:\\usb\\UniServerZ\\www\\connect.php on line 377, referer: http://localhost/
[Mon May 20 13:32:46.179363 2019] [php7:notice] [pid 1704:tid 1848] [client ::1:50630] PHP Notice:  Undefined variable: output in E:\\usb\\UniServerZ\\www\\connect.php on line 377, referer: http://localhost/
[Mon May 20 13:32:46.179363 2019] [php7:notice] [pid 1704:tid 1848] [client ::1:50630] PHP Notice:  Undefined variable: output in E:\\usb\\UniServerZ\\www\\connect.php on line 377, referer: http://localhost/
[Mon May 20 13:34:15.349979 2019] [php7:notice] [pid 1704:tid 1892] [client ::1:50636] PHP Notice:  Undefined variable: output in E:\\usb\\UniServerZ\\www\\connect.php on line 377, referer: http://localhost/search.php
[Mon May 20 13:34:15.349979 2019] [php7:notice] [pid 1704:tid 1892] [client ::1:50636] PHP Notice:  Undefined variable: output in E:\\usb\\UniServerZ\\www\\connect.php on line 377, referer: http://localhost/search.php
[Mon May 20 13:34:15.349979 2019] [php7:notice] [pid 1704:tid 1892] [client ::1:50636] PHP Notice:  Undefined variable: output in E:\\usb\\UniServerZ\\www\\connect.php on line 377, referer: http://localhost/search.php
[Mon May 20 13:34:15.349979 2019] [php7:notice] [pid 1704:tid 1892] [client ::1:50636] PHP Notice:  Undefined variable: output in E:\\usb\\UniServerZ\\www\\connect.php on line 377, referer: http://localhost/search.php
[Mon May 20 13:34:15.349979 2019] [php7:notice] [pid 1704:tid 1892] [client ::1:50636] PHP Notice:  Undefined variable: output in E:\\usb\\UniServerZ\\www\\connect.php on line 377, referer: http://localhost/search.php
[Mon May 20 13:34:15.349979 2019] [php7:notice] [pid 1704:tid 1892] [client ::1:50636] PHP Notice:  Undefined variable: output in E:\\usb\\UniServerZ\\www\\connect.php on line 377, referer: http://localhost/search.php
[Mon May 20 13:34:31.914745 2019] [php7:notice] [pid 1704:tid 1892] [client ::1:50641] PHP Notice:  Undefined variable: output in E:\\usb\\UniServerZ\\www\\connect.php on line 377, referer: http://localhost/search.php
[Mon May 20 13:34:31.914745 2019] [php7:notice] [pid 1704:tid 1892] [client ::1:50641] PHP Notice:  Undefined variable: output in E:\\usb\\UniServerZ\\www\\connect.php on line 377, referer: http://localhost/search.php
[Mon May 20 13:34:31.914745 2019] [php7:notice] [pid 1704:tid 1892] [client ::1:50641] PHP Notice:  Undefined variable: output in E:\\usb\\UniServerZ\\www\\connect.php on line 377, referer: http://localhost/search.php
[Mon May 20 13:34:31.914745 2019] [php7:notice] [pid 1704:tid 1892] [client ::1:50641] PHP Notice:  Undefined variable: output in E:\\usb\\UniServerZ\\www\\connect.php on line 377, referer: http://localhost/search.php
[Mon May 20 13:34:31.914745 2019] [php7:notice] [pid 1704:tid 1892] [client ::1:50641] PHP Notice:  Undefined variable: output in E:\\usb\\UniServerZ\\www\\connect.php on line 377, referer: http://localhost/search.php
[Mon May 20 13:34:31.914745 2019] [php7:notice] [pid 1704:tid 1892] [client ::1:50641] PHP Notice:  Undefined variable: output in E:\\usb\\UniServerZ\\www\\connect.php on line 377, referer: http://localhost/search.php
[Mon May 20 13:34:51.806236 2019] [php7:notice] [pid 1704:tid 1892] [client ::1:50646] PHP Notice:  Undefined variable: output in E:\\usb\\UniServerZ\\www\\connect.php on line 377, referer: http://localhost/search.php
[Mon May 20 13:34:51.806236 2019] [php7:notice] [pid 1704:tid 1892] [client ::1:50646] PHP Notice:  Undefined variable: output in E:\\usb\\UniServerZ\\www\\connect.php on line 377, referer: http://localhost/search.php
[Mon May 20 13:34:51.806236 2019] [php7:notice] [pid 1704:tid 1892] [client ::1:50646] PHP Notice:  Undefined variable: output in E:\\usb\\UniServerZ\\www\\connect.php on line 377, referer: http://localhost/search.php
[Mon May 20 13:34:51.806236 2019] [php7:notice] [pid 1704:tid 1892] [client ::1:50646] PHP Notice:  Undefined variable: output in E:\\usb\\UniServerZ\\www\\connect.php on line 377, referer: http://localhost/search.php
[Mon May 20 13:34:51.806236 2019] [php7:notice] [pid 1704:tid 1892] [client ::1:50646] PHP Notice:  Undefined variable: output in E:\\usb\\UniServerZ\\www\\connect.php on line 377, referer: http://localhost/search.php
[Mon May 20 13:34:51.806236 2019] [php7:notice] [pid 1704:tid 1892] [client ::1:50646] PHP Notice:  Undefined variable: output in E:\\usb\\UniServerZ\\www\\connect.php on line 377, referer: http://localhost/search.php
[Mon May 20 13:35:09.517094 2019] [php7:warn] [pid 1704:tid 1892] [client ::1:50651] PHP Warning:  mysqli_num_rows() expects parameter 1 to be mysqli_result, boolean given in E:\\usb\\UniServerZ\\www\\search.php on line 293, referer: http://localhost/connect.php
[Mon May 20 13:35:12.837939 2019] [php7:notice] [pid 1704:tid 1892] [client ::1:50651] PHP Notice:  Undefined variable: output in E:\\usb\\UniServerZ\\www\\connect.php on line 377, referer: http://localhost/search.php
[Mon May 20 13:35:12.837939 2019] [php7:notice] [pid 1704:tid 1892] [client ::1:50651] PHP Notice:  Undefined variable: output in E:\\usb\\UniServerZ\\www\\connect.php on line 377, referer: http://localhost/search.php
[Mon May 20 13:35:12.837939 2019] [php7:notice] [pid 1704:tid 1892] [client ::1:50651] PHP Notice:  Undefined variable: output in E:\\usb\\UniServerZ\\www\\connect.php on line 377, referer: http://localhost/search.php
[Mon May 20 13:35:12.837939 2019] [php7:notice] [pid 1704:tid 1892] [client ::1:50651] PHP Notice:  Undefined variable: output in E:\\usb\\UniServerZ\\www\\connect.php on line 377, referer: http://localhost/search.php
[Mon May 20 13:35:12.837939 2019] [php7:notice] [pid 1704:tid 1892] [client ::1:50651] PHP Notice:  Undefined variable: output in E:\\usb\\UniServerZ\\www\\connect.php on line 377, referer: http://localhost/search.php
[Mon May 20 13:35:12.837939 2019] [php7:notice] [pid 1704:tid 1892] [client ::1:50651] PHP Notice:  Undefined variable: output in E:\\usb\\UniServerZ\\www\\connect.php on line 377, referer: http://localhost/search.php
[Mon May 20 13:35:24.451923 2019] [php7:warn] [pid 1704:tid 1892] [client ::1:50656] PHP Warning:  mysqli_num_rows() expects parameter 1 to be mysqli_result, boolean given in E:\\usb\\UniServerZ\\www\\search.php on line 293, referer: http://localhost/connect.php
[Mon May 20 13:35:28.549146 2019] [php7:notice] [pid 1704:tid 1892] [client ::1:50656] PHP Notice:  Undefined variable: output in E:\\usb\\UniServerZ\\www\\connect.php on line 377, referer: http://localhost/search.php
[Mon May 20 13:35:28.549146 2019] [php7:notice] [pid 1704:tid 1892] [client ::1:50656] PHP Notice:  Undefined variable: output in E:\\usb\\UniServerZ\\www\\connect.php on line 377, referer: http://localhost/search.php
[Mon May 20 13:35:28.549146 2019] [php7:notice] [pid 1704:tid 1892] [client ::1:50656] PHP Notice:  Undefined variable: output in E:\\usb\\UniServerZ\\www\\connect.php on line 377, referer: http://localhost/search.php
[Mon May 20 13:35:28.549146 2019] [php7:notice] [pid 1704:tid 1892] [client ::1:50656] PHP Notice:  Undefined variable: output in E:\\usb\\UniServerZ\\www\\connect.php on line 377, referer: http://localhost/search.php
[Mon May 20 13:35:28.549146 2019] [php7:notice] [pid 1704:tid 1892] [client ::1:50656] PHP Notice:  Undefined variable: output in E:\\usb\\UniServerZ\\www\\connect.php on line 377, referer: http://localhost/search.php
[Mon May 20 13:35:28.549146 2019] [php7:notice] [pid 1704:tid 1892] [client ::1:50656] PHP Notice:  Undefined variable: output in E:\\usb\\UniServerZ\\www\\connect.php on line 377, referer: http://localhost/search.php
[Mon May 20 13:35:35.966042 2019] [php7:warn] [pid 1704:tid 1892] [client ::1:50663] PHP Warning:  mysqli_num_rows() expects parameter 1 to be mysqli_result, boolean given in E:\\usb\\UniServerZ\\www\\search.php on line 293, referer: http://localhost/connect.php
[Mon May 20 13:35:55.582524 2019] [php7:notice] [pid 1704:tid 1892] [client ::1:50666] PHP Notice:  Undefined variable: output in E:\\usb\\UniServerZ\\www\\connect.php on line 377, referer: http://localhost/search.php
[Mon May 20 13:35:55.582524 2019] [php7:notice] [pid 1704:tid 1892] [client ::1:50666] PHP Notice:  Undefined variable: output in E:\\usb\\UniServerZ\\www\\connect.php on line 377, referer: http://localhost/search.php
[Mon May 20 13:35:55.582524 2019] [php7:notice] [pid 1704:tid 1892] [client ::1:50666] PHP Notice:  Undefined variable: output in E:\\usb\\UniServerZ\\www\\connect.php on line 377, referer: http://localhost/search.php
[Mon May 20 13:35:55.582524 2019] [php7:notice] [pid 1704:tid 1892] [client ::1:50666] PHP Notice:  Undefined variable: output in E:\\usb\\UniServerZ\\www\\connect.php on line 377, referer: http://localhost/search.php
[Mon May 20 13:35:55.582524 2019] [php7:notice] [pid 1704:tid 1892] [client ::1:50666] PHP Notice:  Undefined variable: output in E:\\usb\\UniServerZ\\www\\connect.php on line 377, referer: http://localhost/search.php
[Mon May 20 13:35:55.582524 2019] [php7:notice] [pid 1704:tid 1892] [client ::1:50666] PHP Notice:  Undefined variable: output in E:\\usb\\UniServerZ\\www\\connect.php on line 377, referer: http://localhost/search.php
[Mon May 20 13:36:22.132133 2019] [php7:warn] [pid 1704:tid 1892] [client ::1:50669] PHP Warning:  mysqli_num_rows() expects parameter 1 to be mysqli_result, boolean given in E:\\usb\\UniServerZ\\www\\search.php on line 293, referer: http://localhost/connect.php
[Mon May 20 13:37:25.083480 2019] [php7:notice] [pid 1704:tid 1892] [client ::1:50672] PHP Notice:  Undefined variable: output in E:\\usb\\UniServerZ\\www\\connect.php on line 377, referer: http://localhost/search.php
[Mon May 20 13:37:25.083480 2019] [php7:notice] [pid 1704:tid 1892] [client ::1:50672] PHP Notice:  Undefined variable: output in E:\\usb\\UniServerZ\\www\\connect.php on line 377, referer: http://localhost/search.php
[Mon May 20 13:37:25.083480 2019] [php7:notice] [pid 1704:tid 1892] [client ::1:50672] PHP Notice:  Undefined variable: output in E:\\usb\\UniServerZ\\www\\connect.php on line 377, referer: http://localhost/search.php
[Mon May 20 13:37:25.083480 2019] [php7:notice] [pid 1704:tid 1892] [client ::1:50672] PHP Notice:  Undefined variable: output in E:\\usb\\UniServerZ\\www\\connect.php on line 377, referer: http://localhost/search.php
[Mon May 20 13:37:25.083480 2019] [php7:notice] [pid 1704:tid 1892] [client ::1:50672] PHP Notice:  Undefined variable: output in E:\\usb\\UniServerZ\\www\\connect.php on line 377, referer: http://localhost/search.php
[Mon May 20 13:37:25.083480 2019] [php7:notice] [pid 1704:tid 1892] [client ::1:50672] PHP Notice:  Undefined variable: output in E:\\usb\\UniServerZ\\www\\connect.php on line 377, referer: http://localhost/search.php
[Mon May 20 13:38:17.679442 2019] [php7:notice] [pid 1704:tid 1892] [client ::1:50679] PHP Notice:  Undefined variable: output in E:\\usb\\UniServerZ\\www\\connect.php on line 377, referer: http://localhost/search.php
[Mon May 20 13:38:17.679442 2019] [php7:notice] [pid 1704:tid 1892] [client ::1:50679] PHP Notice:  Undefined variable: output in E:\\usb\\UniServerZ\\www\\connect.php on line 377, referer: http://localhost/search.php
[Mon May 20 13:38:17.679442 2019] [php7:notice] [pid 1704:tid 1892] [client ::1:50679] PHP Notice:  Undefined variable: output in E:\\usb\\UniServerZ\\www\\connect.php on line 377, referer: http://localhost/search.php
[Mon May 20 13:38:17.679442 2019] [php7:notice] [pid 1704:tid 1892] [client ::1:50679] PHP Notice:  Undefined variable: output in E:\\usb\\UniServerZ\\www\\connect.php on line 377, referer: http://localhost/search.php
[Mon May 20 13:38:17.679442 2019] [php7:notice] [pid 1704:tid 1892] [client ::1:50679] PHP Notice:  Undefined variable: output in E:\\usb\\UniServerZ\\www\\connect.php on line 377, referer: http://localhost/search.php
[Mon May 20 13:38:17.679442 2019] [php7:notice] [pid 1704:tid 1892] [client ::1:50679] PHP Notice:  Undefined variable: output in E:\\usb\\UniServerZ\\www\\connect.php on line 377, referer: http://localhost/search.php
[Mon May 20 13:43:19.794150 2019] [php7:notice] [pid 1704:tid 1848] [client ::1:50744] PHP Notice:  Undefined variable: output in E:\\usb\\UniServerZ\\www\\connect.php on line 377, referer: http://localhost/
[Mon May 20 13:43:19.794150 2019] [php7:notice] [pid 1704:tid 1848] [client ::1:50744] PHP Notice:  Undefined variable: output in E:\\usb\\UniServerZ\\www\\connect.php on line 377, referer: http://localhost/
[Mon May 20 13:43:19.794150 2019] [php7:notice] [pid 1704:tid 1848] [client ::1:50744] PHP Notice:  Undefined variable: output in E:\\usb\\UniServerZ\\www\\connect.php on line 377, referer: http://localhost/
[Mon May 20 13:43:19.794150 2019] [php7:notice] [pid 1704:tid 1848] [client ::1:50744] PHP Notice:  Undefined variable: output in E:\\usb\\UniServerZ\\www\\connect.php on line 377, referer: http://localhost/
[Mon May 20 13:43:19.794150 2019] [php7:notice] [pid 1704:tid 1848] [client ::1:50744] PHP Notice:  Undefined variable: output in E:\\usb\\UniServerZ\\www\\connect.php on line 377, referer: http://localhost/
[Mon May 20 13:43:19.794150 2019] [php7:notice] [pid 1704:tid 1848] [client ::1:50744] PHP Notice:  Undefined variable: output in E:\\usb\\UniServerZ\\www\\connect.php on line 377, referer: http://localhost/
